<?xml version="1.0" encoding="UTF-8"?>
<testsuites>
  <testsuite name="/app/phpunit.xml.dist" tests="69" assertions="181" errors="0" failures="0" skipped="0" time="9.099826">
    <testsuite name="Feature" tests="69" assertions="181" errors="0" failures="0" skipped="0" time="9.099826">
      <testsuite name="Tests\Feature\Playground\Login\Blade\Console\Commands\About\CommandTest" file="/app/tests/Feature/Console/Commands/About/CommandTest.php" tests="1" assertions="2" errors="0" failures="0" skipped="0" time="0.421635">
        <testcase name="test_command_about_displays_package_information_and_succeed_with_code_0" file="/app/tests/Feature/Console/Commands/About/CommandTest.php" line="19" class="Tests\Feature\Playground\Login\Blade\Console\Commands\About\CommandTest" classname="Tests.Feature.Playground.Login.Blade.Console.Commands.About.CommandTest" assertions="2" time="0.421635"/>
      </testsuite>
      <testsuite name="Tests\Feature\Playground\Login\Blade\Http\Controllers\Laravel\AuthenticationRouteTest" file="/app/tests/Feature/Http/Controllers/Laravel/AuthenticationRouteTest.php" tests="11" assertions="38" errors="0" failures="0" skipped="0" time="2.465255">
        <testcase name="test_login_screen_can_be_rendered" file="/app/tests/Feature/Http/Controllers/Laravel/AuthenticationRouteTest.php" line="34" class="Tests\Feature\Playground\Login\Blade\Http\Controllers\Laravel\AuthenticationRouteTest" classname="Tests.Feature.Playground.Login.Blade.Http.Controllers.Laravel.AuthenticationRouteTest" assertions="1" time="0.152546"/>
        <testcase name="test_users_can_authenticate_using_the_login_screen_laravel" file="/app/tests/Feature/Http/Controllers/Laravel/AuthenticationRouteTest.php" line="41" class="Tests\Feature\Playground\Login\Blade\Http\Controllers\Laravel\AuthenticationRouteTest" classname="Tests.Feature.Playground.Login.Blade.Http.Controllers.Laravel.AuthenticationRouteTest" assertions="4" time="0.097366"/>
        <testcase name="test_users_can_authenticate_using_json" file="/app/tests/Feature/Http/Controllers/Laravel/AuthenticationRouteTest.php" line="63" class="Tests\Feature\Playground\Login\Blade\Http\Controllers\Laravel\AuthenticationRouteTest" classname="Tests.Feature.Playground.Login.Blade.Http.Controllers.Laravel.AuthenticationRouteTest" assertions="4" time="0.066741"/>
        <testcase name="test_users_cannot_authenticate_with_invalid_password" file="/app/tests/Feature/Http/Controllers/Laravel/AuthenticationRouteTest.php" line="83" class="Tests\Feature\Playground\Login\Blade\Http\Controllers\Laravel\AuthenticationRouteTest" classname="Tests.Feature.Playground.Login.Blade.Http.Controllers.Laravel.AuthenticationRouteTest" assertions="2" time="0.267956"/>
        <testcase name="test_users_can_logout_on_get_request" file="/app/tests/Feature/Http/Controllers/Laravel/AuthenticationRouteTest.php" line="100" class="Tests\Feature\Playground\Login\Blade\Http\Controllers\Laravel\AuthenticationRouteTest" classname="Tests.Feature.Playground.Login.Blade.Http.Controllers.Laravel.AuthenticationRouteTest" assertions="2" time="0.060876"/>
        <testcase name="test_users_can_logout_on_get_request_using_json" file="/app/tests/Feature/Http/Controllers/Laravel/AuthenticationRouteTest.php" line="117" class="Tests\Feature\Playground\Login\Blade\Http\Controllers\Laravel\AuthenticationRouteTest" classname="Tests.Feature.Playground.Login.Blade.Http.Controllers.Laravel.AuthenticationRouteTest" assertions="4" time="0.060939"/>
        <testcase name="test_users_can_logout_on_post_request" file="/app/tests/Feature/Http/Controllers/Laravel/AuthenticationRouteTest.php" line="139" class="Tests\Feature\Playground\Login\Blade\Http\Controllers\Laravel\AuthenticationRouteTest" classname="Tests.Feature.Playground.Login.Blade.Http.Controllers.Laravel.AuthenticationRouteTest" assertions="2" time="0.060266"/>
        <testcase name="test_guests_can_logout_on_get_request" file="/app/tests/Feature/Http/Controllers/Laravel/AuthenticationRouteTest.php" line="153" class="Tests\Feature\Playground\Login\Blade\Http\Controllers\Laravel\AuthenticationRouteTest" classname="Tests.Feature.Playground.Login.Blade.Http.Controllers.Laravel.AuthenticationRouteTest" assertions="2" time="0.057851"/>
        <testcase name="test_csfr_token_request" file="/app/tests/Feature/Http/Controllers/Laravel/AuthenticationRouteTest.php" line="171" class="Tests\Feature\Playground\Login\Blade\Http\Controllers\Laravel\AuthenticationRouteTest" classname="Tests.Feature.Playground.Login.Blade.Http.Controllers.Laravel.AuthenticationRouteTest" assertions="3" time="0.059212"/>
        <testcase name="test_login_repeat_under_rate_limit_and_clear" file="/app/tests/Feature/Http/Controllers/Laravel/AuthenticationRouteTest.php" line="184" class="Tests\Feature\Playground\Login\Blade\Http\Controllers\Laravel\AuthenticationRouteTest" classname="Tests.Feature.Playground.Login.Blade.Http.Controllers.Laravel.AuthenticationRouteTest" assertions="6" time="0.483522"/>
        <testcase name="test_login_repeat_and_hit_rate_limit" file="/app/tests/Feature/Http/Controllers/Laravel/AuthenticationRouteTest.php" line="212" class="Tests\Feature\Playground\Login\Blade\Http\Controllers\Laravel\AuthenticationRouteTest" classname="Tests.Feature.Playground.Login.Blade.Http.Controllers.Laravel.AuthenticationRouteTest" assertions="8" time="1.097980"/>
      </testsuite>
      <testsuite name="Tests\Feature\Playground\Login\Blade\Http\Controllers\Laravel\EmailVerificationRouteTest" file="/app/tests/Feature/Http/Controllers/Laravel/EmailVerificationRouteTest.php" tests="10" assertions="25" errors="0" failures="0" skipped="0" time="0.661022">
        <testcase name="test_email_verification_screen_can_be_rendered" file="/app/tests/Feature/Http/Controllers/Laravel/EmailVerificationRouteTest.php" line="27" class="Tests\Feature\Playground\Login\Blade\Http\Controllers\Laravel\EmailVerificationRouteTest" classname="Tests.Feature.Playground.Login.Blade.Http.Controllers.Laravel.EmailVerificationRouteTest" assertions="1" time="0.080489"/>
        <testcase name="test_email_verification_screen_is_not_rendered_if_already_verified" file="/app/tests/Feature/Http/Controllers/Laravel/EmailVerificationRouteTest.php" line="41" class="Tests\Feature\Playground\Login\Blade\Http\Controllers\Laravel\EmailVerificationRouteTest" classname="Tests.Feature.Playground.Login.Blade.Http.Controllers.Laravel.EmailVerificationRouteTest" assertions="1" time="0.061620"/>
        <testcase name="test_json_send_email_verification_notification_as_guest" file="/app/tests/Feature/Http/Controllers/Laravel/EmailVerificationRouteTest.php" line="55" class="Tests\Feature\Playground\Login\Blade\Http\Controllers\Laravel\EmailVerificationRouteTest" classname="Tests.Feature.Playground.Login.Blade.Http.Controllers.Laravel.EmailVerificationRouteTest" assertions="4" time="0.060251"/>
        <testcase name="test_send_email_verification_notification_as_guest_and_redirect" file="/app/tests/Feature/Http/Controllers/Laravel/EmailVerificationRouteTest.php" line="75" class="Tests\Feature\Playground\Login\Blade\Http\Controllers\Laravel\EmailVerificationRouteTest" classname="Tests.Feature.Playground.Login.Blade.Http.Controllers.Laravel.EmailVerificationRouteTest" assertions="4" time="0.059106"/>
        <testcase name="test_send_email_verification_notification_as_user" file="/app/tests/Feature/Http/Controllers/Laravel/EmailVerificationRouteTest.php" line="88" class="Tests\Feature\Playground\Login\Blade\Http\Controllers\Laravel\EmailVerificationRouteTest" classname="Tests.Feature.Playground.Login.Blade.Http.Controllers.Laravel.EmailVerificationRouteTest" assertions="3" time="0.067880"/>
        <testcase name="test_send_email_verification_notification_when_already_verified" file="/app/tests/Feature/Http/Controllers/Laravel/EmailVerificationRouteTest.php" line="117" class="Tests\Feature\Playground\Login\Blade\Http\Controllers\Laravel\EmailVerificationRouteTest" classname="Tests.Feature.Playground.Login.Blade.Http.Controllers.Laravel.EmailVerificationRouteTest" assertions="2" time="0.061186"/>
        <testcase name="test_email_can_be_verified" file="/app/tests/Feature/Http/Controllers/Laravel/EmailVerificationRouteTest.php" line="137" class="Tests\Feature\Playground\Login\Blade\Http\Controllers\Laravel\EmailVerificationRouteTest" classname="Tests.Feature.Playground.Login.Blade.Http.Controllers.Laravel.EmailVerificationRouteTest" assertions="4" time="0.071432"/>
        <testcase name="test_email_is_not_verified_with_invalid_hash" file="/app/tests/Feature/Http/Controllers/Laravel/EmailVerificationRouteTest.php" line="175" class="Tests\Feature\Playground\Login\Blade\Http\Controllers\Laravel\EmailVerificationRouteTest" classname="Tests.Feature.Playground.Login.Blade.Http.Controllers.Laravel.EmailVerificationRouteTest" assertions="1" time="0.068814"/>
        <testcase name="test_email_is_not_verified_with_invalid_user_id" file="/app/tests/Feature/Http/Controllers/Laravel/EmailVerificationRouteTest.php" line="208" class="Tests\Feature\Playground\Login\Blade\Http\Controllers\Laravel\EmailVerificationRouteTest" classname="Tests.Feature.Playground.Login.Blade.Http.Controllers.Laravel.EmailVerificationRouteTest" assertions="1" time="0.064909"/>
        <testcase name="test_email_verified_with_already_verified" file="/app/tests/Feature/Http/Controllers/Laravel/EmailVerificationRouteTest.php" line="241" class="Tests\Feature\Playground\Login\Blade\Http\Controllers\Laravel\EmailVerificationRouteTest" classname="Tests.Feature.Playground.Login.Blade.Http.Controllers.Laravel.EmailVerificationRouteTest" assertions="4" time="0.065334"/>
      </testsuite>
      <testsuite name="Tests\Feature\Playground\Login\Blade\Http\Controllers\Laravel\PasswordConfirmationRouteTest" file="/app/tests/Feature/Http/Controllers/Laravel/PasswordConfirmationRouteTest.php" tests="3" assertions="4" errors="0" failures="0" skipped="0" time="0.404113">
        <testcase name="test_confirm_password_screen_can_be_rendered" file="/app/tests/Feature/Http/Controllers/Laravel/PasswordConfirmationRouteTest.php" line="21" class="Tests\Feature\Playground\Login\Blade\Http\Controllers\Laravel\PasswordConfirmationRouteTest" classname="Tests.Feature.Playground.Login.Blade.Http.Controllers.Laravel.PasswordConfirmationRouteTest" assertions="1" time="0.077588"/>
        <testcase name="test_password_can_be_confirmed" file="/app/tests/Feature/Http/Controllers/Laravel/PasswordConfirmationRouteTest.php" line="33" class="Tests\Feature\Playground\Login\Blade\Http\Controllers\Laravel\PasswordConfirmationRouteTest" classname="Tests.Feature.Playground.Login.Blade.Http.Controllers.Laravel.PasswordConfirmationRouteTest" assertions="2" time="0.062249"/>
        <testcase name="test_password_is_not_confirmed_with_invalid_password" file="/app/tests/Feature/Http/Controllers/Laravel/PasswordConfirmationRouteTest.php" line="48" class="Tests\Feature\Playground\Login\Blade\Http\Controllers\Laravel\PasswordConfirmationRouteTest" classname="Tests.Feature.Playground.Login.Blade.Http.Controllers.Laravel.PasswordConfirmationRouteTest" assertions="1" time="0.264276"/>
      </testsuite>
      <testsuite name="Tests\Feature\Playground\Login\Blade\Http\Controllers\Laravel\PasswordResetRouteTest" file="/app/tests/Feature/Http/Controllers/Laravel/PasswordResetRouteTest.php" tests="6" assertions="11" errors="0" failures="0" skipped="0" time="0.453453">
        <testcase name="test_reset_password_link_screen_can_be_rendered" file="/app/tests/Feature/Http/Controllers/Laravel/PasswordResetRouteTest.php" line="23" class="Tests\Feature\Playground\Login\Blade\Http\Controllers\Laravel\PasswordResetRouteTest" classname="Tests.Feature.Playground.Login.Blade.Http.Controllers.Laravel.PasswordResetRouteTest" assertions="1" time="0.074110"/>
        <testcase name="test_reset_password_link_can_be_requested" file="/app/tests/Feature/Http/Controllers/Laravel/PasswordResetRouteTest.php" line="30" class="Tests\Feature\Playground\Login\Blade\Http\Controllers\Laravel\PasswordResetRouteTest" classname="Tests.Feature.Playground.Login.Blade.Http.Controllers.Laravel.PasswordResetRouteTest" assertions="1" time="0.069331"/>
        <testcase name="test_reset_password_screen_can_be_rendered" file="/app/tests/Feature/Http/Controllers/Laravel/PasswordResetRouteTest.php" line="44" class="Tests\Feature\Playground\Login\Blade\Http\Controllers\Laravel\PasswordResetRouteTest" classname="Tests.Feature.Playground.Login.Blade.Http.Controllers.Laravel.PasswordResetRouteTest" assertions="3" time="0.095765"/>
        <testcase name="test_password_can_be_reset_with_valid_token" file="/app/tests/Feature/Http/Controllers/Laravel/PasswordResetRouteTest.php" line="66" class="Tests\Feature\Playground\Login\Blade\Http\Controllers\Laravel\PasswordResetRouteTest" classname="Tests.Feature.Playground.Login.Blade.Http.Controllers.Laravel.PasswordResetRouteTest" assertions="3" time="0.081444"/>
        <testcase name="test_password_reset_with_invalid_token" file="/app/tests/Feature/Http/Controllers/Laravel/PasswordResetRouteTest.php" line="92" class="Tests\Feature\Playground\Login\Blade\Http\Controllers\Laravel\PasswordResetRouteTest" classname="Tests.Feature.Playground.Login.Blade.Http.Controllers.Laravel.PasswordResetRouteTest" assertions="2" time="0.071356"/>
        <testcase name="test_password_reset_with_invalid_user" file="/app/tests/Feature/Http/Controllers/Laravel/PasswordResetRouteTest.php" line="117" class="Tests\Feature\Playground\Login\Blade\Http\Controllers\Laravel\PasswordResetRouteTest" classname="Tests.Feature.Playground.Login.Blade.Http.Controllers.Laravel.PasswordResetRouteTest" assertions="1" time="0.061448"/>
      </testsuite>
      <testsuite name="Tests\Feature\Playground\Login\Blade\Http\Controllers\Laravel\RegistrationRouteTest" file="/app/tests/Feature/Http/Controllers/Laravel/RegistrationRouteTest.php" tests="2" assertions="4" errors="0" failures="0" skipped="0" time="0.144620">
        <testcase name="test_registration_screen_can_be_rendered" file="/app/tests/Feature/Http/Controllers/Laravel/RegistrationRouteTest.php" line="20" class="Tests\Feature\Playground\Login\Blade\Http\Controllers\Laravel\RegistrationRouteTest" classname="Tests.Feature.Playground.Login.Blade.Http.Controllers.Laravel.RegistrationRouteTest" assertions="1" time="0.074302"/>
        <testcase name="test_new_users_can_register" file="/app/tests/Feature/Http/Controllers/Laravel/RegistrationRouteTest.php" line="27" class="Tests\Feature\Playground\Login\Blade\Http\Controllers\Laravel\RegistrationRouteTest" classname="Tests.Feature.Playground.Login.Blade.Http.Controllers.Laravel.RegistrationRouteTest" assertions="3" time="0.070318"/>
      </testsuite>
      <testsuite name="Tests\Feature\Playground\Login\Blade\Http\Controllers\Playground\AuthenticationRouteTest" file="/app/tests/Feature/Http/Controllers/Playground/AuthenticationRouteTest.php" tests="11" assertions="38" errors="0" failures="0" skipped="0" time="2.471157">
        <testcase name="test_login_screen_can_be_rendered" file="/app/tests/Feature/Http/Controllers/Playground/AuthenticationRouteTest.php" line="34" class="Tests\Feature\Playground\Login\Blade\Http\Controllers\Playground\AuthenticationRouteTest" classname="Tests.Feature.Playground.Login.Blade.Http.Controllers.Playground.AuthenticationRouteTest" assertions="1" time="0.070158"/>
        <testcase name="test_users_can_authenticate_using_the_login_screen_playground" file="/app/tests/Feature/Http/Controllers/Playground/AuthenticationRouteTest.php" line="41" class="Tests\Feature\Playground\Login\Blade\Http\Controllers\Playground\AuthenticationRouteTest" classname="Tests.Feature.Playground.Login.Blade.Http.Controllers.Playground.AuthenticationRouteTest" assertions="4" time="0.086638"/>
        <testcase name="test_users_can_authenticate_using_json" file="/app/tests/Feature/Http/Controllers/Playground/AuthenticationRouteTest.php" line="63" class="Tests\Feature\Playground\Login\Blade\Http\Controllers\Playground\AuthenticationRouteTest" classname="Tests.Feature.Playground.Login.Blade.Http.Controllers.Playground.AuthenticationRouteTest" assertions="4" time="0.077123"/>
        <testcase name="test_users_cannot_authenticate_with_invalid_password" file="/app/tests/Feature/Http/Controllers/Playground/AuthenticationRouteTest.php" line="83" class="Tests\Feature\Playground\Login\Blade\Http\Controllers\Playground\AuthenticationRouteTest" classname="Tests.Feature.Playground.Login.Blade.Http.Controllers.Playground.AuthenticationRouteTest" assertions="2" time="0.276605"/>
        <testcase name="test_users_can_logout_on_get_request" file="/app/tests/Feature/Http/Controllers/Playground/AuthenticationRouteTest.php" line="100" class="Tests\Feature\Playground\Login\Blade\Http\Controllers\Playground\AuthenticationRouteTest" classname="Tests.Feature.Playground.Login.Blade.Http.Controllers.Playground.AuthenticationRouteTest" assertions="2" time="0.076970"/>
        <testcase name="test_users_can_logout_on_get_request_using_json" file="/app/tests/Feature/Http/Controllers/Playground/AuthenticationRouteTest.php" line="117" class="Tests\Feature\Playground\Login\Blade\Http\Controllers\Playground\AuthenticationRouteTest" classname="Tests.Feature.Playground.Login.Blade.Http.Controllers.Playground.AuthenticationRouteTest" assertions="4" time="0.075623"/>
        <testcase name="test_users_can_logout_on_post_request" file="/app/tests/Feature/Http/Controllers/Playground/AuthenticationRouteTest.php" line="139" class="Tests\Feature\Playground\Login\Blade\Http\Controllers\Playground\AuthenticationRouteTest" classname="Tests.Feature.Playground.Login.Blade.Http.Controllers.Playground.AuthenticationRouteTest" assertions="2" time="0.073543"/>
        <testcase name="test_guests_can_logout_on_get_request" file="/app/tests/Feature/Http/Controllers/Playground/AuthenticationRouteTest.php" line="153" class="Tests\Feature\Playground\Login\Blade\Http\Controllers\Playground\AuthenticationRouteTest" classname="Tests.Feature.Playground.Login.Blade.Http.Controllers.Playground.AuthenticationRouteTest" assertions="2" time="0.064999"/>
        <testcase name="test_csfr_token_request" file="/app/tests/Feature/Http/Controllers/Playground/AuthenticationRouteTest.php" line="171" class="Tests\Feature\Playground\Login\Blade\Http\Controllers\Playground\AuthenticationRouteTest" classname="Tests.Feature.Playground.Login.Blade.Http.Controllers.Playground.AuthenticationRouteTest" assertions="3" time="0.065927"/>
        <testcase name="test_login_repeat_under_rate_limit_and_clear" file="/app/tests/Feature/Http/Controllers/Playground/AuthenticationRouteTest.php" line="184" class="Tests\Feature\Playground\Login\Blade\Http\Controllers\Playground\AuthenticationRouteTest" classname="Tests.Feature.Playground.Login.Blade.Http.Controllers.Playground.AuthenticationRouteTest" assertions="6" time="0.493371"/>
        <testcase name="test_login_repeat_and_hit_rate_limit" file="/app/tests/Feature/Http/Controllers/Playground/AuthenticationRouteTest.php" line="212" class="Tests\Feature\Playground\Login\Blade\Http\Controllers\Playground\AuthenticationRouteTest" classname="Tests.Feature.Playground.Login.Blade.Http.Controllers.Playground.AuthenticationRouteTest" assertions="8" time="1.110200"/>
      </testsuite>
      <testsuite name="Tests\Feature\Playground\Login\Blade\Http\Controllers\Playground\EmailVerificationRouteTest" file="/app/tests/Feature/Http/Controllers/Playground/EmailVerificationRouteTest.php" tests="10" assertions="25" errors="0" failures="0" skipped="0" time="0.745062">
        <testcase name="test_email_verification_screen_can_be_rendered" file="/app/tests/Feature/Http/Controllers/Playground/EmailVerificationRouteTest.php" line="27" class="Tests\Feature\Playground\Login\Blade\Http\Controllers\Playground\EmailVerificationRouteTest" classname="Tests.Feature.Playground.Login.Blade.Http.Controllers.Playground.EmailVerificationRouteTest" assertions="1" time="0.079138"/>
        <testcase name="test_email_verification_screen_is_not_rendered_if_already_verified" file="/app/tests/Feature/Http/Controllers/Playground/EmailVerificationRouteTest.php" line="41" class="Tests\Feature\Playground\Login\Blade\Http\Controllers\Playground\EmailVerificationRouteTest" classname="Tests.Feature.Playground.Login.Blade.Http.Controllers.Playground.EmailVerificationRouteTest" assertions="1" time="0.074096"/>
        <testcase name="test_json_send_email_verification_notification_as_guest" file="/app/tests/Feature/Http/Controllers/Playground/EmailVerificationRouteTest.php" line="55" class="Tests\Feature\Playground\Login\Blade\Http\Controllers\Playground\EmailVerificationRouteTest" classname="Tests.Feature.Playground.Login.Blade.Http.Controllers.Playground.EmailVerificationRouteTest" assertions="4" time="0.070142"/>
        <testcase name="test_send_email_verification_notification_as_guest_and_redirect" file="/app/tests/Feature/Http/Controllers/Playground/EmailVerificationRouteTest.php" line="75" class="Tests\Feature\Playground\Login\Blade\Http\Controllers\Playground\EmailVerificationRouteTest" classname="Tests.Feature.Playground.Login.Blade.Http.Controllers.Playground.EmailVerificationRouteTest" assertions="4" time="0.066017"/>
        <testcase name="test_send_email_verification_notification_as_user" file="/app/tests/Feature/Http/Controllers/Playground/EmailVerificationRouteTest.php" line="88" class="Tests\Feature\Playground\Login\Blade\Http\Controllers\Playground\EmailVerificationRouteTest" classname="Tests.Feature.Playground.Login.Blade.Http.Controllers.Playground.EmailVerificationRouteTest" assertions="3" time="0.075607"/>
        <testcase name="test_send_email_verification_notification_when_already_verified" file="/app/tests/Feature/Http/Controllers/Playground/EmailVerificationRouteTest.php" line="117" class="Tests\Feature\Playground\Login\Blade\Http\Controllers\Playground\EmailVerificationRouteTest" classname="Tests.Feature.Playground.Login.Blade.Http.Controllers.Playground.EmailVerificationRouteTest" assertions="2" time="0.073663"/>
        <testcase name="test_email_can_be_verified" file="/app/tests/Feature/Http/Controllers/Playground/EmailVerificationRouteTest.php" line="137" class="Tests\Feature\Playground\Login\Blade\Http\Controllers\Playground\EmailVerificationRouteTest" classname="Tests.Feature.Playground.Login.Blade.Http.Controllers.Playground.EmailVerificationRouteTest" assertions="4" time="0.077931"/>
        <testcase name="test_email_is_not_verified_with_invalid_hash" file="/app/tests/Feature/Http/Controllers/Playground/EmailVerificationRouteTest.php" line="175" class="Tests\Feature\Playground\Login\Blade\Http\Controllers\Playground\EmailVerificationRouteTest" classname="Tests.Feature.Playground.Login.Blade.Http.Controllers.Playground.EmailVerificationRouteTest" assertions="1" time="0.075038"/>
        <testcase name="test_email_is_not_verified_with_invalid_user_id" file="/app/tests/Feature/Http/Controllers/Playground/EmailVerificationRouteTest.php" line="208" class="Tests\Feature\Playground\Login\Blade\Http\Controllers\Playground\EmailVerificationRouteTest" classname="Tests.Feature.Playground.Login.Blade.Http.Controllers.Playground.EmailVerificationRouteTest" assertions="1" time="0.077567"/>
        <testcase name="test_email_verified_with_already_verified" file="/app/tests/Feature/Http/Controllers/Playground/EmailVerificationRouteTest.php" line="241" class="Tests\Feature\Playground\Login\Blade\Http\Controllers\Playground\EmailVerificationRouteTest" classname="Tests.Feature.Playground.Login.Blade.Http.Controllers.Playground.EmailVerificationRouteTest" assertions="4" time="0.075862"/>
      </testsuite>
      <testsuite name="Tests\Feature\Playground\Login\Blade\Http\Controllers\Playground\PasswordConfirmationRouteTest" file="/app/tests/Feature/Http/Controllers/Playground/PasswordConfirmationRouteTest.php" tests="3" assertions="4" errors="0" failures="0" skipped="0" time="0.427990">
        <testcase name="test_confirm_password_screen_can_be_rendered" file="/app/tests/Feature/Http/Controllers/Playground/PasswordConfirmationRouteTest.php" line="21" class="Tests\Feature\Playground\Login\Blade\Http\Controllers\Playground\PasswordConfirmationRouteTest" classname="Tests.Feature.Playground.Login.Blade.Http.Controllers.Playground.PasswordConfirmationRouteTest" assertions="1" time="0.079568"/>
        <testcase name="test_password_can_be_confirmed" file="/app/tests/Feature/Http/Controllers/Playground/PasswordConfirmationRouteTest.php" line="33" class="Tests\Feature\Playground\Login\Blade\Http\Controllers\Playground\PasswordConfirmationRouteTest" classname="Tests.Feature.Playground.Login.Blade.Http.Controllers.Playground.PasswordConfirmationRouteTest" assertions="2" time="0.073841"/>
        <testcase name="test_password_is_not_confirmed_with_invalid_password" file="/app/tests/Feature/Http/Controllers/Playground/PasswordConfirmationRouteTest.php" line="48" class="Tests\Feature\Playground\Login\Blade\Http\Controllers\Playground\PasswordConfirmationRouteTest" classname="Tests.Feature.Playground.Login.Blade.Http.Controllers.Playground.PasswordConfirmationRouteTest" assertions="1" time="0.274581"/>
      </testsuite>
      <testsuite name="Tests\Feature\Playground\Login\Blade\Http\Controllers\Playground\PasswordResetRouteTest" file="/app/tests/Feature/Http/Controllers/Playground/PasswordResetRouteTest.php" tests="6" assertions="11" errors="0" failures="0" skipped="0" time="0.489476">
        <testcase name="test_reset_password_link_screen_can_be_rendered" file="/app/tests/Feature/Http/Controllers/Playground/PasswordResetRouteTest.php" line="23" class="Tests\Feature\Playground\Login\Blade\Http\Controllers\Playground\PasswordResetRouteTest" classname="Tests.Feature.Playground.Login.Blade.Http.Controllers.Playground.PasswordResetRouteTest" assertions="1" time="0.075338"/>
        <testcase name="test_reset_password_link_can_be_requested" file="/app/tests/Feature/Http/Controllers/Playground/PasswordResetRouteTest.php" line="30" class="Tests\Feature\Playground\Login\Blade\Http\Controllers\Playground\PasswordResetRouteTest" classname="Tests.Feature.Playground.Login.Blade.Http.Controllers.Playground.PasswordResetRouteTest" assertions="1" time="0.077677"/>
        <testcase name="test_reset_password_screen_can_be_rendered" file="/app/tests/Feature/Http/Controllers/Playground/PasswordResetRouteTest.php" line="44" class="Tests\Feature\Playground\Login\Blade\Http\Controllers\Playground\PasswordResetRouteTest" classname="Tests.Feature.Playground.Login.Blade.Http.Controllers.Playground.PasswordResetRouteTest" assertions="3" time="0.085075"/>
        <testcase name="test_password_can_be_reset_with_valid_token" file="/app/tests/Feature/Http/Controllers/Playground/PasswordResetRouteTest.php" line="66" class="Tests\Feature\Playground\Login\Blade\Http\Controllers\Playground\PasswordResetRouteTest" classname="Tests.Feature.Playground.Login.Blade.Http.Controllers.Playground.PasswordResetRouteTest" assertions="3" time="0.089138"/>
        <testcase name="test_password_reset_with_invalid_token" file="/app/tests/Feature/Http/Controllers/Playground/PasswordResetRouteTest.php" line="92" class="Tests\Feature\Playground\Login\Blade\Http\Controllers\Playground\PasswordResetRouteTest" classname="Tests.Feature.Playground.Login.Blade.Http.Controllers.Playground.PasswordResetRouteTest" assertions="2" time="0.089723"/>
        <testcase name="test_password_reset_with_invalid_user" file="/app/tests/Feature/Http/Controllers/Playground/PasswordResetRouteTest.php" line="117" class="Tests\Feature\Playground\Login\Blade\Http\Controllers\Playground\PasswordResetRouteTest" classname="Tests.Feature.Playground.Login.Blade.Http.Controllers.Playground.PasswordResetRouteTest" assertions="1" time="0.072525"/>
      </testsuite>
      <testsuite name="Tests\Feature\Playground\Login\Blade\Http\Controllers\Playground\RegistrationRouteTest" file="/app/tests/Feature/Http/Controllers/Playground/RegistrationRouteTest.php" tests="2" assertions="4" errors="0" failures="0" skipped="0" time="0.148551">
        <testcase name="test_registration_screen_can_be_rendered" file="/app/tests/Feature/Http/Controllers/Playground/RegistrationRouteTest.php" line="20" class="Tests\Feature\Playground\Login\Blade\Http\Controllers\Playground\RegistrationRouteTest" classname="Tests.Feature.Playground.Login.Blade.Http.Controllers.Playground.RegistrationRouteTest" assertions="1" time="0.070538"/>
        <testcase name="test_new_users_can_register" file="/app/tests/Feature/Http/Controllers/Playground/RegistrationRouteTest.php" line="27" class="Tests\Feature\Playground\Login\Blade\Http\Controllers\Playground\RegistrationRouteTest" classname="Tests.Feature.Playground.Login.Blade.Http.Controllers.Playground.RegistrationRouteTest" assertions="3" time="0.078012"/>
      </testsuite>
      <testsuite name="Tests\Feature\Playground\Login\Blade\Http\Controllers\Sanctum\LogoutRouteTest" file="/app/tests/Feature/Http/Controllers/Sanctum/LogoutRouteTest.php" tests="4" assertions="15" errors="0" failures="0" skipped="0" time="0.267493">
        <testcase name="test_sanctum_users_can_authenticate_and_logout_and_delete_token" file="/app/tests/Feature/Http/Controllers/Sanctum/LogoutRouteTest.php" line="34" class="Tests\Feature\Playground\Login\Blade\Http\Controllers\Sanctum\LogoutRouteTest" classname="Tests.Feature.Playground.Login.Blade.Http.Controllers.Sanctum.LogoutRouteTest" assertions="5" time="0.070927"/>
        <testcase name="test_sanctum_users_can_logout_without_token_using_json" file="/app/tests/Feature/Http/Controllers/Sanctum/LogoutRouteTest.php" line="61" class="Tests\Feature\Playground\Login\Blade\Http\Controllers\Sanctum\LogoutRouteTest" classname="Tests.Feature.Playground.Login.Blade.Http.Controllers.Sanctum.LogoutRouteTest" assertions="4" time="0.061418"/>
        <testcase name="test_sanctum_users_can_logout_all_tokens_without_token_using_json" file="/app/tests/Feature/Http/Controllers/Sanctum/LogoutRouteTest.php" line="84" class="Tests\Feature\Playground\Login\Blade\Http\Controllers\Sanctum\LogoutRouteTest" classname="Tests.Feature.Playground.Login.Blade.Http.Controllers.Sanctum.LogoutRouteTest" assertions="4" time="0.073764"/>
        <testcase name="test_sanctum_users_can_logout_everywhere_tokens_without_token" file="/app/tests/Feature/Http/Controllers/Sanctum/LogoutRouteTest.php" line="107" class="Tests\Feature\Playground\Login\Blade\Http\Controllers\Sanctum\LogoutRouteTest" classname="Tests.Feature.Playground.Login.Blade.Http.Controllers.Sanctum.LogoutRouteTest" assertions="2" time="0.061385"/>
      </testsuite>
    </testsuite>
  </testsuite>
</testsuites>
