<?xml version="1.0" encoding="UTF-8"?>
<testsuites>
  <testsuite name="" tests="37" assertions="99" errors="0" failures="0" skipped="0" time="3.320269">
    <testsuite name="Feature" tests="37" assertions="99" errors="0" failures="0" skipped="0" time="3.320269">
      <testsuite name="Tests\Feature\Playground\Login\Blade\Console\Commands\About\CommandTest" file="/app/tests/Feature/Console/Commands/About/CommandTest.php" tests="1" assertions="2" errors="0" failures="0" skipped="0" time="0.269121">
        <testcase name="test_command_about_displays_package_information_and_succeed_with_code_0" file="/app/tests/Feature/Console/Commands/About/CommandTest.php" line="19" class="Tests\Feature\Playground\Login\Blade\Console\Commands\About\CommandTest" classname="Tests.Feature.Playground.Login.Blade.Console.Commands.About.CommandTest" assertions="2" time="0.269121"/>
      </testsuite>
      <testsuite name="Tests\Feature\Playground\Login\Blade\Http\Controllers\AuthenticationRouteTest" file="/app/tests/Feature/Http/Controllers/AuthenticationRouteTest.php" tests="11" assertions="38" errors="0" failures="0" skipped="0" time="2.049467">
        <testcase name="test_login_screen_can_be_rendered" file="/app/tests/Feature/Http/Controllers/AuthenticationRouteTest.php" line="26" class="Tests\Feature\Playground\Login\Blade\Http\Controllers\AuthenticationRouteTest" classname="Tests.Feature.Playground.Login.Blade.Http.Controllers.AuthenticationRouteTest" assertions="1" time="0.110184"/>
        <testcase name="test_users_can_authenticate_using_the_login_screen" file="/app/tests/Feature/Http/Controllers/AuthenticationRouteTest.php" line="33" class="Tests\Feature\Playground\Login\Blade\Http\Controllers\AuthenticationRouteTest" classname="Tests.Feature.Playground.Login.Blade.Http.Controllers.AuthenticationRouteTest" assertions="4" time="0.059572"/>
        <testcase name="test_users_can_authenticate_using_json" file="/app/tests/Feature/Http/Controllers/AuthenticationRouteTest.php" line="47" class="Tests\Feature\Playground\Login\Blade\Http\Controllers\AuthenticationRouteTest" classname="Tests.Feature.Playground.Login.Blade.Http.Controllers.AuthenticationRouteTest" assertions="4" time="0.029795"/>
        <testcase name="test_users_cannot_authenticate_with_invalid_password" file="/app/tests/Feature/Http/Controllers/AuthenticationRouteTest.php" line="64" class="Tests\Feature\Playground\Login\Blade\Http\Controllers\AuthenticationRouteTest" classname="Tests.Feature.Playground.Login.Blade.Http.Controllers.AuthenticationRouteTest" assertions="2" time="0.232328"/>
        <testcase name="test_users_can_logout_on_get_request" file="/app/tests/Feature/Http/Controllers/AuthenticationRouteTest.php" line="78" class="Tests\Feature\Playground\Login\Blade\Http\Controllers\AuthenticationRouteTest" classname="Tests.Feature.Playground.Login.Blade.Http.Controllers.AuthenticationRouteTest" assertions="2" time="0.026025"/>
        <testcase name="test_users_can_logout_on_get_request_using_json" file="/app/tests/Feature/Http/Controllers/AuthenticationRouteTest.php" line="95" class="Tests\Feature\Playground\Login\Blade\Http\Controllers\AuthenticationRouteTest" classname="Tests.Feature.Playground.Login.Blade.Http.Controllers.AuthenticationRouteTest" assertions="4" time="0.025682"/>
        <testcase name="test_users_can_logout_on_post_request" file="/app/tests/Feature/Http/Controllers/AuthenticationRouteTest.php" line="117" class="Tests\Feature\Playground\Login\Blade\Http\Controllers\AuthenticationRouteTest" classname="Tests.Feature.Playground.Login.Blade.Http.Controllers.AuthenticationRouteTest" assertions="2" time="0.024628"/>
        <testcase name="test_guests_can_logout_on_get_request" file="/app/tests/Feature/Http/Controllers/AuthenticationRouteTest.php" line="131" class="Tests\Feature\Playground\Login\Blade\Http\Controllers\AuthenticationRouteTest" classname="Tests.Feature.Playground.Login.Blade.Http.Controllers.AuthenticationRouteTest" assertions="2" time="0.020872"/>
        <testcase name="test_csfr_token_request" file="/app/tests/Feature/Http/Controllers/AuthenticationRouteTest.php" line="149" class="Tests\Feature\Playground\Login\Blade\Http\Controllers\AuthenticationRouteTest" classname="Tests.Feature.Playground.Login.Blade.Http.Controllers.AuthenticationRouteTest" assertions="3" time="0.020878"/>
        <testcase name="test_login_repeat_under_rate_limit_and_clear" file="/app/tests/Feature/Http/Controllers/AuthenticationRouteTest.php" line="162" class="Tests\Feature\Playground\Login\Blade\Http\Controllers\AuthenticationRouteTest" classname="Tests.Feature.Playground.Login.Blade.Http.Controllers.AuthenticationRouteTest" assertions="6" time="0.442188"/>
        <testcase name="test_login_repeat_and_hit_rate_limit" file="/app/tests/Feature/Http/Controllers/AuthenticationRouteTest.php" line="187" class="Tests\Feature\Playground\Login\Blade\Http\Controllers\AuthenticationRouteTest" classname="Tests.Feature.Playground.Login.Blade.Http.Controllers.AuthenticationRouteTest" assertions="8" time="1.057313"/>
      </testsuite>
      <testsuite name="Tests\Feature\Playground\Login\Blade\Http\Controllers\EmailVerificationRouteTest" file="/app/tests/Feature/Http/Controllers/EmailVerificationRouteTest.php" tests="10" assertions="25" errors="0" failures="0" skipped="0" time="0.288886">
        <testcase name="test_email_verification_screen_can_be_rendered" file="/app/tests/Feature/Http/Controllers/EmailVerificationRouteTest.php" line="21" class="Tests\Feature\Playground\Login\Blade\Http\Controllers\EmailVerificationRouteTest" classname="Tests.Feature.Playground.Login.Blade.Http.Controllers.EmailVerificationRouteTest" assertions="1" time="0.043324"/>
        <testcase name="test_email_verification_screen_is_not_rendered_if_already_verified" file="/app/tests/Feature/Http/Controllers/EmailVerificationRouteTest.php" line="35" class="Tests\Feature\Playground\Login\Blade\Http\Controllers\EmailVerificationRouteTest" classname="Tests.Feature.Playground.Login.Blade.Http.Controllers.EmailVerificationRouteTest" assertions="1" time="0.024665"/>
        <testcase name="test_json_send_email_verification_notification_as_guest" file="/app/tests/Feature/Http/Controllers/EmailVerificationRouteTest.php" line="49" class="Tests\Feature\Playground\Login\Blade\Http\Controllers\EmailVerificationRouteTest" classname="Tests.Feature.Playground.Login.Blade.Http.Controllers.EmailVerificationRouteTest" assertions="4" time="0.021773"/>
        <testcase name="test_send_email_verification_notification_as_guest_and_redirect" file="/app/tests/Feature/Http/Controllers/EmailVerificationRouteTest.php" line="69" class="Tests\Feature\Playground\Login\Blade\Http\Controllers\EmailVerificationRouteTest" classname="Tests.Feature.Playground.Login.Blade.Http.Controllers.EmailVerificationRouteTest" assertions="4" time="0.022216"/>
        <testcase name="test_send_email_verification_notification_as_user" file="/app/tests/Feature/Http/Controllers/EmailVerificationRouteTest.php" line="82" class="Tests\Feature\Playground\Login\Blade\Http\Controllers\EmailVerificationRouteTest" classname="Tests.Feature.Playground.Login.Blade.Http.Controllers.EmailVerificationRouteTest" assertions="3" time="0.031324"/>
        <testcase name="test_send_email_verification_notification_when_already_verified" file="/app/tests/Feature/Http/Controllers/EmailVerificationRouteTest.php" line="111" class="Tests\Feature\Playground\Login\Blade\Http\Controllers\EmailVerificationRouteTest" classname="Tests.Feature.Playground.Login.Blade.Http.Controllers.EmailVerificationRouteTest" assertions="2" time="0.024924"/>
        <testcase name="test_email_can_be_verified" file="/app/tests/Feature/Http/Controllers/EmailVerificationRouteTest.php" line="131" class="Tests\Feature\Playground\Login\Blade\Http\Controllers\EmailVerificationRouteTest" classname="Tests.Feature.Playground.Login.Blade.Http.Controllers.EmailVerificationRouteTest" assertions="4" time="0.035508"/>
        <testcase name="test_email_is_not_verified_with_invalid_hash" file="/app/tests/Feature/Http/Controllers/EmailVerificationRouteTest.php" line="169" class="Tests\Feature\Playground\Login\Blade\Http\Controllers\EmailVerificationRouteTest" classname="Tests.Feature.Playground.Login.Blade.Http.Controllers.EmailVerificationRouteTest" assertions="1" time="0.029923"/>
        <testcase name="test_email_is_not_verified_with_invalid_user_id" file="/app/tests/Feature/Http/Controllers/EmailVerificationRouteTest.php" line="202" class="Tests\Feature\Playground\Login\Blade\Http\Controllers\EmailVerificationRouteTest" classname="Tests.Feature.Playground.Login.Blade.Http.Controllers.EmailVerificationRouteTest" assertions="1" time="0.028021"/>
        <testcase name="test_email_verified_with_already_verified" file="/app/tests/Feature/Http/Controllers/EmailVerificationRouteTest.php" line="235" class="Tests\Feature\Playground\Login\Blade\Http\Controllers\EmailVerificationRouteTest" classname="Tests.Feature.Playground.Login.Blade.Http.Controllers.EmailVerificationRouteTest" assertions="4" time="0.027207"/>
      </testsuite>
      <testsuite name="Tests\Feature\Playground\Login\Blade\Http\Controllers\PasswordConfirmationRouteTest" file="/app/tests/Feature/Http/Controllers/PasswordConfirmationRouteTest.php" tests="3" assertions="4" errors="0" failures="0" skipped="0" time="0.292470">
        <testcase name="test_confirm_password_screen_can_be_rendered" file="/app/tests/Feature/Http/Controllers/PasswordConfirmationRouteTest.php" line="15" class="Tests\Feature\Playground\Login\Blade\Http\Controllers\PasswordConfirmationRouteTest" classname="Tests.Feature.Playground.Login.Blade.Http.Controllers.PasswordConfirmationRouteTest" assertions="1" time="0.041080"/>
        <testcase name="test_password_can_be_confirmed" file="/app/tests/Feature/Http/Controllers/PasswordConfirmationRouteTest.php" line="27" class="Tests\Feature\Playground\Login\Blade\Http\Controllers\PasswordConfirmationRouteTest" classname="Tests.Feature.Playground.Login.Blade.Http.Controllers.PasswordConfirmationRouteTest" assertions="2" time="0.025589"/>
        <testcase name="test_password_is_not_confirmed_with_invalid_password" file="/app/tests/Feature/Http/Controllers/PasswordConfirmationRouteTest.php" line="42" class="Tests\Feature\Playground\Login\Blade\Http\Controllers\PasswordConfirmationRouteTest" classname="Tests.Feature.Playground.Login.Blade.Http.Controllers.PasswordConfirmationRouteTest" assertions="1" time="0.225801"/>
      </testsuite>
      <testsuite name="Tests\Feature\Playground\Login\Blade\Http\Controllers\PasswordResetRouteTest" file="/app/tests/Feature/Http/Controllers/PasswordResetRouteTest.php" tests="6" assertions="11" errors="0" failures="0" skipped="0" time="0.227790">
        <testcase name="test_reset_password_link_screen_can_be_rendered" file="/app/tests/Feature/Http/Controllers/PasswordResetRouteTest.php" line="17" class="Tests\Feature\Playground\Login\Blade\Http\Controllers\PasswordResetRouteTest" classname="Tests.Feature.Playground.Login.Blade.Http.Controllers.PasswordResetRouteTest" assertions="1" time="0.037012"/>
        <testcase name="test_reset_password_link_can_be_requested" file="/app/tests/Feature/Http/Controllers/PasswordResetRouteTest.php" line="24" class="Tests\Feature\Playground\Login\Blade\Http\Controllers\PasswordResetRouteTest" classname="Tests.Feature.Playground.Login.Blade.Http.Controllers.PasswordResetRouteTest" assertions="1" time="0.031536"/>
        <testcase name="test_reset_password_screen_can_be_rendered" file="/app/tests/Feature/Http/Controllers/PasswordResetRouteTest.php" line="35" class="Tests\Feature\Playground\Login\Blade\Http\Controllers\PasswordResetRouteTest" classname="Tests.Feature.Playground.Login.Blade.Http.Controllers.PasswordResetRouteTest" assertions="3" time="0.053790"/>
        <testcase name="test_password_can_be_reset_with_valid_token" file="/app/tests/Feature/Http/Controllers/PasswordResetRouteTest.php" line="54" class="Tests\Feature\Playground\Login\Blade\Http\Controllers\PasswordResetRouteTest" classname="Tests.Feature.Playground.Login.Blade.Http.Controllers.PasswordResetRouteTest" assertions="3" time="0.043582"/>
        <testcase name="test_password_reset_with_invalid_token" file="/app/tests/Feature/Http/Controllers/PasswordResetRouteTest.php" line="77" class="Tests\Feature\Playground\Login\Blade\Http\Controllers\PasswordResetRouteTest" classname="Tests.Feature.Playground.Login.Blade.Http.Controllers.PasswordResetRouteTest" assertions="2" time="0.036538"/>
        <testcase name="test_password_reset_with_invalid_user" file="/app/tests/Feature/Http/Controllers/PasswordResetRouteTest.php" line="99" class="Tests\Feature\Playground\Login\Blade\Http\Controllers\PasswordResetRouteTest" classname="Tests.Feature.Playground.Login.Blade.Http.Controllers.PasswordResetRouteTest" assertions="1" time="0.025332"/>
      </testsuite>
      <testsuite name="Tests\Feature\Playground\Login\Blade\Http\Controllers\RegistrationRouteTest" file="/app/tests/Feature/Http/Controllers/RegistrationRouteTest.php" tests="2" assertions="4" errors="0" failures="0" skipped="0" time="0.071179">
        <testcase name="test_registration_screen_can_be_rendered" file="/app/tests/Feature/Http/Controllers/RegistrationRouteTest.php" line="14" class="Tests\Feature\Playground\Login\Blade\Http\Controllers\RegistrationRouteTest" classname="Tests.Feature.Playground.Login.Blade.Http.Controllers.RegistrationRouteTest" assertions="1" time="0.038504"/>
        <testcase name="test_new_users_can_register" file="/app/tests/Feature/Http/Controllers/RegistrationRouteTest.php" line="21" class="Tests\Feature\Playground\Login\Blade\Http\Controllers\RegistrationRouteTest" classname="Tests.Feature.Playground.Login.Blade.Http.Controllers.RegistrationRouteTest" assertions="3" time="0.032675"/>
      </testsuite>
      <testsuite name="Tests\Feature\Playground\Login\Blade\Http\Controllers\SanctumRouteTest" file="/app/tests/Feature/Http/Controllers/SanctumRouteTest.php" tests="4" assertions="15" errors="0" failures="0" skipped="0" time="0.121354">
        <testcase name="test_sanctum_users_can_authenticate_and_logout_and_delete_token" file="/app/tests/Feature/Http/Controllers/SanctumRouteTest.php" line="28" class="Tests\Feature\Playground\Login\Blade\Http\Controllers\SanctumRouteTest" classname="Tests.Feature.Playground.Login.Blade.Http.Controllers.SanctumRouteTest" assertions="5" time="0.043827"/>
        <testcase name="test_sanctum_users_can_logout_without_token_using_json" file="/app/tests/Feature/Http/Controllers/SanctumRouteTest.php" line="53" class="Tests\Feature\Playground\Login\Blade\Http\Controllers\SanctumRouteTest" classname="Tests.Feature.Playground.Login.Blade.Http.Controllers.SanctumRouteTest" assertions="4" time="0.025547"/>
        <testcase name="test_sanctum_users_can_logout_all_tokens_without_token_using_json" file="/app/tests/Feature/Http/Controllers/SanctumRouteTest.php" line="76" class="Tests\Feature\Playground\Login\Blade\Http\Controllers\SanctumRouteTest" classname="Tests.Feature.Playground.Login.Blade.Http.Controllers.SanctumRouteTest" assertions="4" time="0.025937"/>
        <testcase name="test_sanctum_users_can_logout_everywhere_tokens_without_token" file="/app/tests/Feature/Http/Controllers/SanctumRouteTest.php" line="99" class="Tests\Feature\Playground\Login\Blade\Http\Controllers\SanctumRouteTest" classname="Tests.Feature.Playground.Login.Blade.Http.Controllers.SanctumRouteTest" assertions="2" time="0.026043"/>
      </testsuite>
    </testsuite>
  </testsuite>
</testsuites>
