<?xml version="1.0" encoding="UTF-8"?>
<testsuites>
  <testsuite name="/app/phpunit.xml.dist" tests="70" assertions="186" errors="0" failures="0" skipped="0" time="9.251317">
    <testsuite name="Feature" tests="70" assertions="186" errors="0" failures="0" skipped="0" time="9.251317">
      <testsuite name="Tests\Feature\Playground\Login\Blade\Console\Commands\About\CommandTest" file="/app/tests/Feature/Console/Commands/About/CommandTest.php" tests="1" assertions="2" errors="0" failures="0" skipped="0" time="0.421900">
        <testcase name="test_command_about_displays_package_information_and_succeed_with_code_0" file="/app/tests/Feature/Console/Commands/About/CommandTest.php" line="19" class="Tests\Feature\Playground\Login\Blade\Console\Commands\About\CommandTest" classname="Tests.Feature.Playground.Login.Blade.Console.Commands.About.CommandTest" assertions="2" time="0.421900"/>
      </testsuite>
      <testsuite name="Tests\Feature\Playground\Login\Blade\Http\Controllers\Laravel\AuthenticationRouteTest" file="/app/tests/Feature/Http/Controllers/Laravel/AuthenticationRouteTest.php" tests="11" assertions="38" errors="0" failures="0" skipped="0" time="2.494900">
        <testcase name="test_login_screen_can_be_rendered" file="/app/tests/Feature/Http/Controllers/Laravel/AuthenticationRouteTest.php" line="34" class="Tests\Feature\Playground\Login\Blade\Http\Controllers\Laravel\AuthenticationRouteTest" classname="Tests.Feature.Playground.Login.Blade.Http.Controllers.Laravel.AuthenticationRouteTest" assertions="1" time="0.157522"/>
        <testcase name="test_users_can_authenticate_using_the_login_screen_laravel" file="/app/tests/Feature/Http/Controllers/Laravel/AuthenticationRouteTest.php" line="41" class="Tests\Feature\Playground\Login\Blade\Http\Controllers\Laravel\AuthenticationRouteTest" classname="Tests.Feature.Playground.Login.Blade.Http.Controllers.Laravel.AuthenticationRouteTest" assertions="4" time="0.097554"/>
        <testcase name="test_users_can_authenticate_using_json" file="/app/tests/Feature/Http/Controllers/Laravel/AuthenticationRouteTest.php" line="63" class="Tests\Feature\Playground\Login\Blade\Http\Controllers\Laravel\AuthenticationRouteTest" classname="Tests.Feature.Playground.Login.Blade.Http.Controllers.Laravel.AuthenticationRouteTest" assertions="4" time="0.067163"/>
        <testcase name="test_users_cannot_authenticate_with_invalid_password" file="/app/tests/Feature/Http/Controllers/Laravel/AuthenticationRouteTest.php" line="83" class="Tests\Feature\Playground\Login\Blade\Http\Controllers\Laravel\AuthenticationRouteTest" classname="Tests.Feature.Playground.Login.Blade.Http.Controllers.Laravel.AuthenticationRouteTest" assertions="2" time="0.270524"/>
        <testcase name="test_users_can_logout_on_get_request" file="/app/tests/Feature/Http/Controllers/Laravel/AuthenticationRouteTest.php" line="100" class="Tests\Feature\Playground\Login\Blade\Http\Controllers\Laravel\AuthenticationRouteTest" classname="Tests.Feature.Playground.Login.Blade.Http.Controllers.Laravel.AuthenticationRouteTest" assertions="2" time="0.061886"/>
        <testcase name="test_users_can_logout_on_get_request_using_json" file="/app/tests/Feature/Http/Controllers/Laravel/AuthenticationRouteTest.php" line="117" class="Tests\Feature\Playground\Login\Blade\Http\Controllers\Laravel\AuthenticationRouteTest" classname="Tests.Feature.Playground.Login.Blade.Http.Controllers.Laravel.AuthenticationRouteTest" assertions="4" time="0.074545"/>
        <testcase name="test_users_can_logout_on_post_request" file="/app/tests/Feature/Http/Controllers/Laravel/AuthenticationRouteTest.php" line="139" class="Tests\Feature\Playground\Login\Blade\Http\Controllers\Laravel\AuthenticationRouteTest" classname="Tests.Feature.Playground.Login.Blade.Http.Controllers.Laravel.AuthenticationRouteTest" assertions="2" time="0.062835"/>
        <testcase name="test_guests_can_logout_on_get_request" file="/app/tests/Feature/Http/Controllers/Laravel/AuthenticationRouteTest.php" line="153" class="Tests\Feature\Playground\Login\Blade\Http\Controllers\Laravel\AuthenticationRouteTest" classname="Tests.Feature.Playground.Login.Blade.Http.Controllers.Laravel.AuthenticationRouteTest" assertions="2" time="0.057639"/>
        <testcase name="test_csfr_token_request" file="/app/tests/Feature/Http/Controllers/Laravel/AuthenticationRouteTest.php" line="171" class="Tests\Feature\Playground\Login\Blade\Http\Controllers\Laravel\AuthenticationRouteTest" classname="Tests.Feature.Playground.Login.Blade.Http.Controllers.Laravel.AuthenticationRouteTest" assertions="3" time="0.062321"/>
        <testcase name="test_login_repeat_under_rate_limit_and_clear" file="/app/tests/Feature/Http/Controllers/Laravel/AuthenticationRouteTest.php" line="184" class="Tests\Feature\Playground\Login\Blade\Http\Controllers\Laravel\AuthenticationRouteTest" classname="Tests.Feature.Playground.Login.Blade.Http.Controllers.Laravel.AuthenticationRouteTest" assertions="6" time="0.482278"/>
        <testcase name="test_login_repeat_and_hit_rate_limit" file="/app/tests/Feature/Http/Controllers/Laravel/AuthenticationRouteTest.php" line="212" class="Tests\Feature\Playground\Login\Blade\Http\Controllers\Laravel\AuthenticationRouteTest" classname="Tests.Feature.Playground.Login.Blade.Http.Controllers.Laravel.AuthenticationRouteTest" assertions="8" time="1.100634"/>
      </testsuite>
      <testsuite name="Tests\Feature\Playground\Login\Blade\Http\Controllers\Laravel\EmailVerificationRouteTest" file="/app/tests/Feature/Http/Controllers/Laravel/EmailVerificationRouteTest.php" tests="10" assertions="25" errors="0" failures="0" skipped="0" time="0.663793">
        <testcase name="test_email_verification_screen_can_be_rendered" file="/app/tests/Feature/Http/Controllers/Laravel/EmailVerificationRouteTest.php" line="27" class="Tests\Feature\Playground\Login\Blade\Http\Controllers\Laravel\EmailVerificationRouteTest" classname="Tests.Feature.Playground.Login.Blade.Http.Controllers.Laravel.EmailVerificationRouteTest" assertions="1" time="0.080859"/>
        <testcase name="test_email_verification_screen_is_not_rendered_if_already_verified" file="/app/tests/Feature/Http/Controllers/Laravel/EmailVerificationRouteTest.php" line="41" class="Tests\Feature\Playground\Login\Blade\Http\Controllers\Laravel\EmailVerificationRouteTest" classname="Tests.Feature.Playground.Login.Blade.Http.Controllers.Laravel.EmailVerificationRouteTest" assertions="1" time="0.061234"/>
        <testcase name="test_json_send_email_verification_notification_as_guest" file="/app/tests/Feature/Http/Controllers/Laravel/EmailVerificationRouteTest.php" line="55" class="Tests\Feature\Playground\Login\Blade\Http\Controllers\Laravel\EmailVerificationRouteTest" classname="Tests.Feature.Playground.Login.Blade.Http.Controllers.Laravel.EmailVerificationRouteTest" assertions="4" time="0.059677"/>
        <testcase name="test_send_email_verification_notification_as_guest_and_redirect" file="/app/tests/Feature/Http/Controllers/Laravel/EmailVerificationRouteTest.php" line="75" class="Tests\Feature\Playground\Login\Blade\Http\Controllers\Laravel\EmailVerificationRouteTest" classname="Tests.Feature.Playground.Login.Blade.Http.Controllers.Laravel.EmailVerificationRouteTest" assertions="4" time="0.058599"/>
        <testcase name="test_send_email_verification_notification_as_user" file="/app/tests/Feature/Http/Controllers/Laravel/EmailVerificationRouteTest.php" line="88" class="Tests\Feature\Playground\Login\Blade\Http\Controllers\Laravel\EmailVerificationRouteTest" classname="Tests.Feature.Playground.Login.Blade.Http.Controllers.Laravel.EmailVerificationRouteTest" assertions="3" time="0.068994"/>
        <testcase name="test_send_email_verification_notification_when_already_verified" file="/app/tests/Feature/Http/Controllers/Laravel/EmailVerificationRouteTest.php" line="117" class="Tests\Feature\Playground\Login\Blade\Http\Controllers\Laravel\EmailVerificationRouteTest" classname="Tests.Feature.Playground.Login.Blade.Http.Controllers.Laravel.EmailVerificationRouteTest" assertions="2" time="0.061334"/>
        <testcase name="test_email_can_be_verified" file="/app/tests/Feature/Http/Controllers/Laravel/EmailVerificationRouteTest.php" line="137" class="Tests\Feature\Playground\Login\Blade\Http\Controllers\Laravel\EmailVerificationRouteTest" classname="Tests.Feature.Playground.Login.Blade.Http.Controllers.Laravel.EmailVerificationRouteTest" assertions="4" time="0.072944"/>
        <testcase name="test_email_is_not_verified_with_invalid_hash" file="/app/tests/Feature/Http/Controllers/Laravel/EmailVerificationRouteTest.php" line="175" class="Tests\Feature\Playground\Login\Blade\Http\Controllers\Laravel\EmailVerificationRouteTest" classname="Tests.Feature.Playground.Login.Blade.Http.Controllers.Laravel.EmailVerificationRouteTest" assertions="1" time="0.071370"/>
        <testcase name="test_email_is_not_verified_with_invalid_user_id" file="/app/tests/Feature/Http/Controllers/Laravel/EmailVerificationRouteTest.php" line="208" class="Tests\Feature\Playground\Login\Blade\Http\Controllers\Laravel\EmailVerificationRouteTest" classname="Tests.Feature.Playground.Login.Blade.Http.Controllers.Laravel.EmailVerificationRouteTest" assertions="1" time="0.064494"/>
        <testcase name="test_email_verified_with_already_verified" file="/app/tests/Feature/Http/Controllers/Laravel/EmailVerificationRouteTest.php" line="241" class="Tests\Feature\Playground\Login\Blade\Http\Controllers\Laravel\EmailVerificationRouteTest" classname="Tests.Feature.Playground.Login.Blade.Http.Controllers.Laravel.EmailVerificationRouteTest" assertions="4" time="0.064288"/>
      </testsuite>
      <testsuite name="Tests\Feature\Playground\Login\Blade\Http\Controllers\Laravel\PasswordConfirmationRouteTest" file="/app/tests/Feature/Http/Controllers/Laravel/PasswordConfirmationRouteTest.php" tests="3" assertions="4" errors="0" failures="0" skipped="0" time="0.410154">
        <testcase name="test_confirm_password_screen_can_be_rendered" file="/app/tests/Feature/Http/Controllers/Laravel/PasswordConfirmationRouteTest.php" line="21" class="Tests\Feature\Playground\Login\Blade\Http\Controllers\Laravel\PasswordConfirmationRouteTest" classname="Tests.Feature.Playground.Login.Blade.Http.Controllers.Laravel.PasswordConfirmationRouteTest" assertions="1" time="0.081526"/>
        <testcase name="test_password_can_be_confirmed" file="/app/tests/Feature/Http/Controllers/Laravel/PasswordConfirmationRouteTest.php" line="33" class="Tests\Feature\Playground\Login\Blade\Http\Controllers\Laravel\PasswordConfirmationRouteTest" classname="Tests.Feature.Playground.Login.Blade.Http.Controllers.Laravel.PasswordConfirmationRouteTest" assertions="2" time="0.063961"/>
        <testcase name="test_password_is_not_confirmed_with_invalid_password" file="/app/tests/Feature/Http/Controllers/Laravel/PasswordConfirmationRouteTest.php" line="48" class="Tests\Feature\Playground\Login\Blade\Http\Controllers\Laravel\PasswordConfirmationRouteTest" classname="Tests.Feature.Playground.Login.Blade.Http.Controllers.Laravel.PasswordConfirmationRouteTest" assertions="1" time="0.264667"/>
      </testsuite>
      <testsuite name="Tests\Feature\Playground\Login\Blade\Http\Controllers\Laravel\PasswordResetRouteTest" file="/app/tests/Feature/Http/Controllers/Laravel/PasswordResetRouteTest.php" tests="6" assertions="11" errors="0" failures="0" skipped="0" time="0.457740">
        <testcase name="test_reset_password_link_screen_can_be_rendered" file="/app/tests/Feature/Http/Controllers/Laravel/PasswordResetRouteTest.php" line="23" class="Tests\Feature\Playground\Login\Blade\Http\Controllers\Laravel\PasswordResetRouteTest" classname="Tests.Feature.Playground.Login.Blade.Http.Controllers.Laravel.PasswordResetRouteTest" assertions="1" time="0.074141"/>
        <testcase name="test_reset_password_link_can_be_requested" file="/app/tests/Feature/Http/Controllers/Laravel/PasswordResetRouteTest.php" line="30" class="Tests\Feature\Playground\Login\Blade\Http\Controllers\Laravel\PasswordResetRouteTest" classname="Tests.Feature.Playground.Login.Blade.Http.Controllers.Laravel.PasswordResetRouteTest" assertions="1" time="0.069385"/>
        <testcase name="test_reset_password_screen_can_be_rendered" file="/app/tests/Feature/Http/Controllers/Laravel/PasswordResetRouteTest.php" line="44" class="Tests\Feature\Playground\Login\Blade\Http\Controllers\Laravel\PasswordResetRouteTest" classname="Tests.Feature.Playground.Login.Blade.Http.Controllers.Laravel.PasswordResetRouteTest" assertions="3" time="0.096729"/>
        <testcase name="test_password_can_be_reset_with_valid_token" file="/app/tests/Feature/Http/Controllers/Laravel/PasswordResetRouteTest.php" line="66" class="Tests\Feature\Playground\Login\Blade\Http\Controllers\Laravel\PasswordResetRouteTest" classname="Tests.Feature.Playground.Login.Blade.Http.Controllers.Laravel.PasswordResetRouteTest" assertions="3" time="0.082176"/>
        <testcase name="test_password_reset_with_invalid_token" file="/app/tests/Feature/Http/Controllers/Laravel/PasswordResetRouteTest.php" line="92" class="Tests\Feature\Playground\Login\Blade\Http\Controllers\Laravel\PasswordResetRouteTest" classname="Tests.Feature.Playground.Login.Blade.Http.Controllers.Laravel.PasswordResetRouteTest" assertions="2" time="0.073166"/>
        <testcase name="test_password_reset_with_invalid_user" file="/app/tests/Feature/Http/Controllers/Laravel/PasswordResetRouteTest.php" line="117" class="Tests\Feature\Playground\Login\Blade\Http\Controllers\Laravel\PasswordResetRouteTest" classname="Tests.Feature.Playground.Login.Blade.Http.Controllers.Laravel.PasswordResetRouteTest" assertions="1" time="0.062142"/>
      </testsuite>
      <testsuite name="Tests\Feature\Playground\Login\Blade\Http\Controllers\Laravel\RegistrationRouteTest" file="/app/tests/Feature/Http/Controllers/Laravel/RegistrationRouteTest.php" tests="2" assertions="4" errors="0" failures="0" skipped="0" time="0.149485">
        <testcase name="test_registration_screen_can_be_rendered" file="/app/tests/Feature/Http/Controllers/Laravel/RegistrationRouteTest.php" line="20" class="Tests\Feature\Playground\Login\Blade\Http\Controllers\Laravel\RegistrationRouteTest" classname="Tests.Feature.Playground.Login.Blade.Http.Controllers.Laravel.RegistrationRouteTest" assertions="1" time="0.076664"/>
        <testcase name="test_new_users_can_register" file="/app/tests/Feature/Http/Controllers/Laravel/RegistrationRouteTest.php" line="27" class="Tests\Feature\Playground\Login\Blade\Http\Controllers\Laravel\RegistrationRouteTest" classname="Tests.Feature.Playground.Login.Blade.Http.Controllers.Laravel.RegistrationRouteTest" assertions="3" time="0.072820"/>
      </testsuite>
      <testsuite name="Tests\Feature\Playground\Login\Blade\Http\Controllers\Playground\AuthenticationRouteTest" file="/app/tests/Feature/Http/Controllers/Playground/AuthenticationRouteTest.php" tests="11" assertions="38" errors="0" failures="0" skipped="0" time="2.492668">
        <testcase name="test_login_screen_can_be_rendered" file="/app/tests/Feature/Http/Controllers/Playground/AuthenticationRouteTest.php" line="34" class="Tests\Feature\Playground\Login\Blade\Http\Controllers\Playground\AuthenticationRouteTest" classname="Tests.Feature.Playground.Login.Blade.Http.Controllers.Playground.AuthenticationRouteTest" assertions="1" time="0.074219"/>
        <testcase name="test_users_can_authenticate_using_the_login_screen_playground" file="/app/tests/Feature/Http/Controllers/Playground/AuthenticationRouteTest.php" line="41" class="Tests\Feature\Playground\Login\Blade\Http\Controllers\Playground\AuthenticationRouteTest" classname="Tests.Feature.Playground.Login.Blade.Http.Controllers.Playground.AuthenticationRouteTest" assertions="4" time="0.090015"/>
        <testcase name="test_users_can_authenticate_using_json" file="/app/tests/Feature/Http/Controllers/Playground/AuthenticationRouteTest.php" line="63" class="Tests\Feature\Playground\Login\Blade\Http\Controllers\Playground\AuthenticationRouteTest" classname="Tests.Feature.Playground.Login.Blade.Http.Controllers.Playground.AuthenticationRouteTest" assertions="4" time="0.078584"/>
        <testcase name="test_users_cannot_authenticate_with_invalid_password" file="/app/tests/Feature/Http/Controllers/Playground/AuthenticationRouteTest.php" line="83" class="Tests\Feature\Playground\Login\Blade\Http\Controllers\Playground\AuthenticationRouteTest" classname="Tests.Feature.Playground.Login.Blade.Http.Controllers.Playground.AuthenticationRouteTest" assertions="2" time="0.277644"/>
        <testcase name="test_users_can_logout_on_get_request" file="/app/tests/Feature/Http/Controllers/Playground/AuthenticationRouteTest.php" line="100" class="Tests\Feature\Playground\Login\Blade\Http\Controllers\Playground\AuthenticationRouteTest" classname="Tests.Feature.Playground.Login.Blade.Http.Controllers.Playground.AuthenticationRouteTest" assertions="2" time="0.075385"/>
        <testcase name="test_users_can_logout_on_get_request_using_json" file="/app/tests/Feature/Http/Controllers/Playground/AuthenticationRouteTest.php" line="117" class="Tests\Feature\Playground\Login\Blade\Http\Controllers\Playground\AuthenticationRouteTest" classname="Tests.Feature.Playground.Login.Blade.Http.Controllers.Playground.AuthenticationRouteTest" assertions="4" time="0.078847"/>
        <testcase name="test_users_can_logout_on_post_request" file="/app/tests/Feature/Http/Controllers/Playground/AuthenticationRouteTest.php" line="139" class="Tests\Feature\Playground\Login\Blade\Http\Controllers\Playground\AuthenticationRouteTest" classname="Tests.Feature.Playground.Login.Blade.Http.Controllers.Playground.AuthenticationRouteTest" assertions="2" time="0.076552"/>
        <testcase name="test_guests_can_logout_on_get_request" file="/app/tests/Feature/Http/Controllers/Playground/AuthenticationRouteTest.php" line="153" class="Tests\Feature\Playground\Login\Blade\Http\Controllers\Playground\AuthenticationRouteTest" classname="Tests.Feature.Playground.Login.Blade.Http.Controllers.Playground.AuthenticationRouteTest" assertions="2" time="0.065241"/>
        <testcase name="test_csfr_token_request" file="/app/tests/Feature/Http/Controllers/Playground/AuthenticationRouteTest.php" line="171" class="Tests\Feature\Playground\Login\Blade\Http\Controllers\Playground\AuthenticationRouteTest" classname="Tests.Feature.Playground.Login.Blade.Http.Controllers.Playground.AuthenticationRouteTest" assertions="3" time="0.065701"/>
        <testcase name="test_login_repeat_under_rate_limit_and_clear" file="/app/tests/Feature/Http/Controllers/Playground/AuthenticationRouteTest.php" line="184" class="Tests\Feature\Playground\Login\Blade\Http\Controllers\Playground\AuthenticationRouteTest" classname="Tests.Feature.Playground.Login.Blade.Http.Controllers.Playground.AuthenticationRouteTest" assertions="6" time="0.495745"/>
        <testcase name="test_login_repeat_and_hit_rate_limit" file="/app/tests/Feature/Http/Controllers/Playground/AuthenticationRouteTest.php" line="212" class="Tests\Feature\Playground\Login\Blade\Http\Controllers\Playground\AuthenticationRouteTest" classname="Tests.Feature.Playground.Login.Blade.Http.Controllers.Playground.AuthenticationRouteTest" assertions="8" time="1.114736"/>
      </testsuite>
      <testsuite name="Tests\Feature\Playground\Login\Blade\Http\Controllers\Playground\EmailVerificationRouteTest" file="/app/tests/Feature/Http/Controllers/Playground/EmailVerificationRouteTest.php" tests="10" assertions="25" errors="0" failures="0" skipped="0" time="0.744382">
        <testcase name="test_email_verification_screen_can_be_rendered" file="/app/tests/Feature/Http/Controllers/Playground/EmailVerificationRouteTest.php" line="27" class="Tests\Feature\Playground\Login\Blade\Http\Controllers\Playground\EmailVerificationRouteTest" classname="Tests.Feature.Playground.Login.Blade.Http.Controllers.Playground.EmailVerificationRouteTest" assertions="1" time="0.077309"/>
        <testcase name="test_email_verification_screen_is_not_rendered_if_already_verified" file="/app/tests/Feature/Http/Controllers/Playground/EmailVerificationRouteTest.php" line="41" class="Tests\Feature\Playground\Login\Blade\Http\Controllers\Playground\EmailVerificationRouteTest" classname="Tests.Feature.Playground.Login.Blade.Http.Controllers.Playground.EmailVerificationRouteTest" assertions="1" time="0.073469"/>
        <testcase name="test_json_send_email_verification_notification_as_guest" file="/app/tests/Feature/Http/Controllers/Playground/EmailVerificationRouteTest.php" line="55" class="Tests\Feature\Playground\Login\Blade\Http\Controllers\Playground\EmailVerificationRouteTest" classname="Tests.Feature.Playground.Login.Blade.Http.Controllers.Playground.EmailVerificationRouteTest" assertions="4" time="0.069743"/>
        <testcase name="test_send_email_verification_notification_as_guest_and_redirect" file="/app/tests/Feature/Http/Controllers/Playground/EmailVerificationRouteTest.php" line="75" class="Tests\Feature\Playground\Login\Blade\Http\Controllers\Playground\EmailVerificationRouteTest" classname="Tests.Feature.Playground.Login.Blade.Http.Controllers.Playground.EmailVerificationRouteTest" assertions="4" time="0.067459"/>
        <testcase name="test_send_email_verification_notification_as_user" file="/app/tests/Feature/Http/Controllers/Playground/EmailVerificationRouteTest.php" line="88" class="Tests\Feature\Playground\Login\Blade\Http\Controllers\Playground\EmailVerificationRouteTest" classname="Tests.Feature.Playground.Login.Blade.Http.Controllers.Playground.EmailVerificationRouteTest" assertions="3" time="0.074245"/>
        <testcase name="test_send_email_verification_notification_when_already_verified" file="/app/tests/Feature/Http/Controllers/Playground/EmailVerificationRouteTest.php" line="117" class="Tests\Feature\Playground\Login\Blade\Http\Controllers\Playground\EmailVerificationRouteTest" classname="Tests.Feature.Playground.Login.Blade.Http.Controllers.Playground.EmailVerificationRouteTest" assertions="2" time="0.074530"/>
        <testcase name="test_email_can_be_verified" file="/app/tests/Feature/Http/Controllers/Playground/EmailVerificationRouteTest.php" line="137" class="Tests\Feature\Playground\Login\Blade\Http\Controllers\Playground\EmailVerificationRouteTest" classname="Tests.Feature.Playground.Login.Blade.Http.Controllers.Playground.EmailVerificationRouteTest" assertions="4" time="0.078753"/>
        <testcase name="test_email_is_not_verified_with_invalid_hash" file="/app/tests/Feature/Http/Controllers/Playground/EmailVerificationRouteTest.php" line="175" class="Tests\Feature\Playground\Login\Blade\Http\Controllers\Playground\EmailVerificationRouteTest" classname="Tests.Feature.Playground.Login.Blade.Http.Controllers.Playground.EmailVerificationRouteTest" assertions="1" time="0.075558"/>
        <testcase name="test_email_is_not_verified_with_invalid_user_id" file="/app/tests/Feature/Http/Controllers/Playground/EmailVerificationRouteTest.php" line="208" class="Tests\Feature\Playground\Login\Blade\Http\Controllers\Playground\EmailVerificationRouteTest" classname="Tests.Feature.Playground.Login.Blade.Http.Controllers.Playground.EmailVerificationRouteTest" assertions="1" time="0.077355"/>
        <testcase name="test_email_verified_with_already_verified" file="/app/tests/Feature/Http/Controllers/Playground/EmailVerificationRouteTest.php" line="241" class="Tests\Feature\Playground\Login\Blade\Http\Controllers\Playground\EmailVerificationRouteTest" classname="Tests.Feature.Playground.Login.Blade.Http.Controllers.Playground.EmailVerificationRouteTest" assertions="4" time="0.075960"/>
      </testsuite>
      <testsuite name="Tests\Feature\Playground\Login\Blade\Http\Controllers\Playground\PasswordConfirmationRouteTest" file="/app/tests/Feature/Http/Controllers/Playground/PasswordConfirmationRouteTest.php" tests="3" assertions="4" errors="0" failures="0" skipped="0" time="0.432826">
        <testcase name="test_confirm_password_screen_can_be_rendered" file="/app/tests/Feature/Http/Controllers/Playground/PasswordConfirmationRouteTest.php" line="21" class="Tests\Feature\Playground\Login\Blade\Http\Controllers\Playground\PasswordConfirmationRouteTest" classname="Tests.Feature.Playground.Login.Blade.Http.Controllers.Playground.PasswordConfirmationRouteTest" assertions="1" time="0.077045"/>
        <testcase name="test_password_can_be_confirmed" file="/app/tests/Feature/Http/Controllers/Playground/PasswordConfirmationRouteTest.php" line="33" class="Tests\Feature\Playground\Login\Blade\Http\Controllers\Playground\PasswordConfirmationRouteTest" classname="Tests.Feature.Playground.Login.Blade.Http.Controllers.Playground.PasswordConfirmationRouteTest" assertions="2" time="0.077923"/>
        <testcase name="test_password_is_not_confirmed_with_invalid_password" file="/app/tests/Feature/Http/Controllers/Playground/PasswordConfirmationRouteTest.php" line="48" class="Tests\Feature\Playground\Login\Blade\Http\Controllers\Playground\PasswordConfirmationRouteTest" classname="Tests.Feature.Playground.Login.Blade.Http.Controllers.Playground.PasswordConfirmationRouteTest" assertions="1" time="0.277857"/>
      </testsuite>
      <testsuite name="Tests\Feature\Playground\Login\Blade\Http\Controllers\Playground\PasswordResetRouteTest" file="/app/tests/Feature/Http/Controllers/Playground/PasswordResetRouteTest.php" tests="6" assertions="11" errors="0" failures="0" skipped="0" time="0.488826">
        <testcase name="test_reset_password_link_screen_can_be_rendered" file="/app/tests/Feature/Http/Controllers/Playground/PasswordResetRouteTest.php" line="23" class="Tests\Feature\Playground\Login\Blade\Http\Controllers\Playground\PasswordResetRouteTest" classname="Tests.Feature.Playground.Login.Blade.Http.Controllers.Playground.PasswordResetRouteTest" assertions="1" time="0.075208"/>
        <testcase name="test_reset_password_link_can_be_requested" file="/app/tests/Feature/Http/Controllers/Playground/PasswordResetRouteTest.php" line="30" class="Tests\Feature\Playground\Login\Blade\Http\Controllers\Playground\PasswordResetRouteTest" classname="Tests.Feature.Playground.Login.Blade.Http.Controllers.Playground.PasswordResetRouteTest" assertions="1" time="0.078998"/>
        <testcase name="test_reset_password_screen_can_be_rendered" file="/app/tests/Feature/Http/Controllers/Playground/PasswordResetRouteTest.php" line="44" class="Tests\Feature\Playground\Login\Blade\Http\Controllers\Playground\PasswordResetRouteTest" classname="Tests.Feature.Playground.Login.Blade.Http.Controllers.Playground.PasswordResetRouteTest" assertions="3" time="0.088429"/>
        <testcase name="test_password_can_be_reset_with_valid_token" file="/app/tests/Feature/Http/Controllers/Playground/PasswordResetRouteTest.php" line="66" class="Tests\Feature\Playground\Login\Blade\Http\Controllers\Playground\PasswordResetRouteTest" classname="Tests.Feature.Playground.Login.Blade.Http.Controllers.Playground.PasswordResetRouteTest" assertions="3" time="0.089090"/>
        <testcase name="test_password_reset_with_invalid_token" file="/app/tests/Feature/Http/Controllers/Playground/PasswordResetRouteTest.php" line="92" class="Tests\Feature\Playground\Login\Blade\Http\Controllers\Playground\PasswordResetRouteTest" classname="Tests.Feature.Playground.Login.Blade.Http.Controllers.Playground.PasswordResetRouteTest" assertions="2" time="0.084858"/>
        <testcase name="test_password_reset_with_invalid_user" file="/app/tests/Feature/Http/Controllers/Playground/PasswordResetRouteTest.php" line="117" class="Tests\Feature\Playground\Login\Blade\Http\Controllers\Playground\PasswordResetRouteTest" classname="Tests.Feature.Playground.Login.Blade.Http.Controllers.Playground.PasswordResetRouteTest" assertions="1" time="0.072243"/>
      </testsuite>
      <testsuite name="Tests\Feature\Playground\Login\Blade\Http\Controllers\Playground\RegistrationRouteTest" file="/app/tests/Feature/Http/Controllers/Playground/RegistrationRouteTest.php" tests="2" assertions="4" errors="0" failures="0" skipped="0" time="0.148273">
        <testcase name="test_registration_screen_can_be_rendered" file="/app/tests/Feature/Http/Controllers/Playground/RegistrationRouteTest.php" line="20" class="Tests\Feature\Playground\Login\Blade\Http\Controllers\Playground\RegistrationRouteTest" classname="Tests.Feature.Playground.Login.Blade.Http.Controllers.Playground.RegistrationRouteTest" assertions="1" time="0.070109"/>
        <testcase name="test_new_users_can_register" file="/app/tests/Feature/Http/Controllers/Playground/RegistrationRouteTest.php" line="27" class="Tests\Feature\Playground\Login\Blade\Http\Controllers\Playground\RegistrationRouteTest" classname="Tests.Feature.Playground.Login.Blade.Http.Controllers.Playground.RegistrationRouteTest" assertions="3" time="0.078163"/>
      </testsuite>
      <testsuite name="Tests\Feature\Playground\Login\Blade\Http\Controllers\Sanctum\LogoutRouteTest" file="/app/tests/Feature/Http/Controllers/Sanctum/LogoutRouteTest.php" tests="5" assertions="20" errors="0" failures="0" skipped="0" time="0.346371">
        <testcase name="test_sanctum_users_can_authenticate_and_logout_and_delete_token" file="/app/tests/Feature/Http/Controllers/Sanctum/LogoutRouteTest.php" line="34" class="Tests\Feature\Playground\Login\Blade\Http\Controllers\Sanctum\LogoutRouteTest" classname="Tests.Feature.Playground.Login.Blade.Http.Controllers.Sanctum.LogoutRouteTest" assertions="5" time="0.080087"/>
        <testcase name="test_sanctum_users_can_logout_without_token_using_json" file="/app/tests/Feature/Http/Controllers/Sanctum/LogoutRouteTest.php" line="61" class="Tests\Feature\Playground\Login\Blade\Http\Controllers\Sanctum\LogoutRouteTest" classname="Tests.Feature.Playground.Login.Blade.Http.Controllers.Sanctum.LogoutRouteTest" assertions="4" time="0.062005"/>
        <testcase name="test_sanctum_users_can_logout_all_tokens_without_token_using_json" file="/app/tests/Feature/Http/Controllers/Sanctum/LogoutRouteTest.php" line="84" class="Tests\Feature\Playground\Login\Blade\Http\Controllers\Sanctum\LogoutRouteTest" classname="Tests.Feature.Playground.Login.Blade.Http.Controllers.Sanctum.LogoutRouteTest" assertions="4" time="0.068683"/>
        <testcase name="test_sanctum_users_can_logout_everywhere_tokens_without_token" file="/app/tests/Feature/Http/Controllers/Sanctum/LogoutRouteTest.php" line="107" class="Tests\Feature\Playground\Login\Blade\Http\Controllers\Sanctum\LogoutRouteTest" classname="Tests.Feature.Playground.Login.Blade.Http.Controllers.Sanctum.LogoutRouteTest" assertions="2" time="0.062755"/>
        <testcase name="test_sanctum_users_can_authenticate_and_logout_and_delete_token_with_sessions" file="/app/tests/Feature/Http/Controllers/Sanctum/LogoutRouteTest.php" line="125" class="Tests\Feature\Playground\Login\Blade\Http\Controllers\Sanctum\LogoutRouteTest" classname="Tests.Feature.Playground.Login.Blade.Http.Controllers.Sanctum.LogoutRouteTest" assertions="5" time="0.072840"/>
      </testsuite>
    </testsuite>
  </testsuite>
</testsuites>
