<?xml version="1.0" encoding="UTF-8"?>
<testsuites>
  <testsuite name="/app/phpunit.xml.dist" tests="37" assertions="99" errors="0" failures="0" skipped="0" time="5.195304">
    <testsuite name="Feature" tests="37" assertions="99" errors="0" failures="0" skipped="0" time="5.195304">
      <testsuite name="Tests\Feature\Playground\Login\Blade\Console\Commands\About\CommandTest" file="/app/tests/Feature/Console/Commands/About/CommandTest.php" tests="1" assertions="2" errors="0" failures="0" skipped="0" time="0.481880">
        <testcase name="test_command_about_displays_package_information_and_succeed_with_code_0" file="/app/tests/Feature/Console/Commands/About/CommandTest.php" line="19" class="Tests\Feature\Playground\Login\Blade\Console\Commands\About\CommandTest" classname="Tests.Feature.Playground.Login.Blade.Console.Commands.About.CommandTest" assertions="2" time="0.481880"/>
      </testsuite>
      <testsuite name="Tests\Feature\Playground\Login\Blade\Http\Controllers\AuthenticationRouteTest" file="/app/tests/Feature/Http/Controllers/AuthenticationRouteTest.php" tests="11" assertions="38" errors="0" failures="0" skipped="0" time="2.556358">
        <testcase name="test_login_screen_can_be_rendered" file="/app/tests/Feature/Http/Controllers/AuthenticationRouteTest.php" line="28" class="Tests\Feature\Playground\Login\Blade\Http\Controllers\AuthenticationRouteTest" classname="Tests.Feature.Playground.Login.Blade.Http.Controllers.AuthenticationRouteTest" assertions="1" time="0.153401"/>
        <testcase name="test_users_can_authenticate_using_the_login_screen" file="/app/tests/Feature/Http/Controllers/AuthenticationRouteTest.php" line="35" class="Tests\Feature\Playground\Login\Blade\Http\Controllers\AuthenticationRouteTest" classname="Tests.Feature.Playground.Login.Blade.Http.Controllers.AuthenticationRouteTest" assertions="4" time="0.104762"/>
        <testcase name="test_users_can_authenticate_using_json" file="/app/tests/Feature/Http/Controllers/AuthenticationRouteTest.php" line="49" class="Tests\Feature\Playground\Login\Blade\Http\Controllers\AuthenticationRouteTest" classname="Tests.Feature.Playground.Login.Blade.Http.Controllers.AuthenticationRouteTest" assertions="4" time="0.075195"/>
        <testcase name="test_users_cannot_authenticate_with_invalid_password" file="/app/tests/Feature/Http/Controllers/AuthenticationRouteTest.php" line="66" class="Tests\Feature\Playground\Login\Blade\Http\Controllers\AuthenticationRouteTest" classname="Tests.Feature.Playground.Login.Blade.Http.Controllers.AuthenticationRouteTest" assertions="2" time="0.277634"/>
        <testcase name="test_users_can_logout_on_get_request" file="/app/tests/Feature/Http/Controllers/AuthenticationRouteTest.php" line="80" class="Tests\Feature\Playground\Login\Blade\Http\Controllers\AuthenticationRouteTest" classname="Tests.Feature.Playground.Login.Blade.Http.Controllers.AuthenticationRouteTest" assertions="2" time="0.070965"/>
        <testcase name="test_users_can_logout_on_get_request_using_json" file="/app/tests/Feature/Http/Controllers/AuthenticationRouteTest.php" line="97" class="Tests\Feature\Playground\Login\Blade\Http\Controllers\AuthenticationRouteTest" classname="Tests.Feature.Playground.Login.Blade.Http.Controllers.AuthenticationRouteTest" assertions="4" time="0.072315"/>
        <testcase name="test_users_can_logout_on_post_request" file="/app/tests/Feature/Http/Controllers/AuthenticationRouteTest.php" line="119" class="Tests\Feature\Playground\Login\Blade\Http\Controllers\AuthenticationRouteTest" classname="Tests.Feature.Playground.Login.Blade.Http.Controllers.AuthenticationRouteTest" assertions="2" time="0.070468"/>
        <testcase name="test_guests_can_logout_on_get_request" file="/app/tests/Feature/Http/Controllers/AuthenticationRouteTest.php" line="133" class="Tests\Feature\Playground\Login\Blade\Http\Controllers\AuthenticationRouteTest" classname="Tests.Feature.Playground.Login.Blade.Http.Controllers.AuthenticationRouteTest" assertions="2" time="0.066830"/>
        <testcase name="test_csfr_token_request" file="/app/tests/Feature/Http/Controllers/AuthenticationRouteTest.php" line="151" class="Tests\Feature\Playground\Login\Blade\Http\Controllers\AuthenticationRouteTest" classname="Tests.Feature.Playground.Login.Blade.Http.Controllers.AuthenticationRouteTest" assertions="3" time="0.065885"/>
        <testcase name="test_login_repeat_under_rate_limit_and_clear" file="/app/tests/Feature/Http/Controllers/AuthenticationRouteTest.php" line="164" class="Tests\Feature\Playground\Login\Blade\Http\Controllers\AuthenticationRouteTest" classname="Tests.Feature.Playground.Login.Blade.Http.Controllers.AuthenticationRouteTest" assertions="6" time="0.491572"/>
        <testcase name="test_login_repeat_and_hit_rate_limit" file="/app/tests/Feature/Http/Controllers/AuthenticationRouteTest.php" line="189" class="Tests\Feature\Playground\Login\Blade\Http\Controllers\AuthenticationRouteTest" classname="Tests.Feature.Playground.Login.Blade.Http.Controllers.AuthenticationRouteTest" assertions="8" time="1.107331"/>
      </testsuite>
      <testsuite name="Tests\Feature\Playground\Login\Blade\Http\Controllers\EmailVerificationRouteTest" file="/app/tests/Feature/Http/Controllers/EmailVerificationRouteTest.php" tests="10" assertions="25" errors="0" failures="0" skipped="0" time="0.747106">
        <testcase name="test_email_verification_screen_can_be_rendered" file="/app/tests/Feature/Http/Controllers/EmailVerificationRouteTest.php" line="21" class="Tests\Feature\Playground\Login\Blade\Http\Controllers\EmailVerificationRouteTest" classname="Tests.Feature.Playground.Login.Blade.Http.Controllers.EmailVerificationRouteTest" assertions="1" time="0.085608"/>
        <testcase name="test_email_verification_screen_is_not_rendered_if_already_verified" file="/app/tests/Feature/Http/Controllers/EmailVerificationRouteTest.php" line="35" class="Tests\Feature\Playground\Login\Blade\Http\Controllers\EmailVerificationRouteTest" classname="Tests.Feature.Playground.Login.Blade.Http.Controllers.EmailVerificationRouteTest" assertions="1" time="0.066711"/>
        <testcase name="test_json_send_email_verification_notification_as_guest" file="/app/tests/Feature/Http/Controllers/EmailVerificationRouteTest.php" line="49" class="Tests\Feature\Playground\Login\Blade\Http\Controllers\EmailVerificationRouteTest" classname="Tests.Feature.Playground.Login.Blade.Http.Controllers.EmailVerificationRouteTest" assertions="4" time="0.068321"/>
        <testcase name="test_send_email_verification_notification_as_guest_and_redirect" file="/app/tests/Feature/Http/Controllers/EmailVerificationRouteTest.php" line="69" class="Tests\Feature\Playground\Login\Blade\Http\Controllers\EmailVerificationRouteTest" classname="Tests.Feature.Playground.Login.Blade.Http.Controllers.EmailVerificationRouteTest" assertions="4" time="0.068022"/>
        <testcase name="test_send_email_verification_notification_as_user" file="/app/tests/Feature/Http/Controllers/EmailVerificationRouteTest.php" line="82" class="Tests\Feature\Playground\Login\Blade\Http\Controllers\EmailVerificationRouteTest" classname="Tests.Feature.Playground.Login.Blade.Http.Controllers.EmailVerificationRouteTest" assertions="3" time="0.078050"/>
        <testcase name="test_send_email_verification_notification_when_already_verified" file="/app/tests/Feature/Http/Controllers/EmailVerificationRouteTest.php" line="111" class="Tests\Feature\Playground\Login\Blade\Http\Controllers\EmailVerificationRouteTest" classname="Tests.Feature.Playground.Login.Blade.Http.Controllers.EmailVerificationRouteTest" assertions="2" time="0.069724"/>
        <testcase name="test_email_can_be_verified" file="/app/tests/Feature/Http/Controllers/EmailVerificationRouteTest.php" line="131" class="Tests\Feature\Playground\Login\Blade\Http\Controllers\EmailVerificationRouteTest" classname="Tests.Feature.Playground.Login.Blade.Http.Controllers.EmailVerificationRouteTest" assertions="4" time="0.080851"/>
        <testcase name="test_email_is_not_verified_with_invalid_hash" file="/app/tests/Feature/Http/Controllers/EmailVerificationRouteTest.php" line="169" class="Tests\Feature\Playground\Login\Blade\Http\Controllers\EmailVerificationRouteTest" classname="Tests.Feature.Playground.Login.Blade.Http.Controllers.EmailVerificationRouteTest" assertions="1" time="0.080897"/>
        <testcase name="test_email_is_not_verified_with_invalid_user_id" file="/app/tests/Feature/Http/Controllers/EmailVerificationRouteTest.php" line="202" class="Tests\Feature\Playground\Login\Blade\Http\Controllers\EmailVerificationRouteTest" classname="Tests.Feature.Playground.Login.Blade.Http.Controllers.EmailVerificationRouteTest" assertions="1" time="0.074201"/>
        <testcase name="test_email_verified_with_already_verified" file="/app/tests/Feature/Http/Controllers/EmailVerificationRouteTest.php" line="235" class="Tests\Feature\Playground\Login\Blade\Http\Controllers\EmailVerificationRouteTest" classname="Tests.Feature.Playground.Login.Blade.Http.Controllers.EmailVerificationRouteTest" assertions="4" time="0.074721"/>
      </testsuite>
      <testsuite name="Tests\Feature\Playground\Login\Blade\Http\Controllers\PasswordConfirmationRouteTest" file="/app/tests/Feature/Http/Controllers/PasswordConfirmationRouteTest.php" tests="3" assertions="4" errors="0" failures="0" skipped="0" time="0.430144">
        <testcase name="test_confirm_password_screen_can_be_rendered" file="/app/tests/Feature/Http/Controllers/PasswordConfirmationRouteTest.php" line="15" class="Tests\Feature\Playground\Login\Blade\Http\Controllers\PasswordConfirmationRouteTest" classname="Tests.Feature.Playground.Login.Blade.Http.Controllers.PasswordConfirmationRouteTest" assertions="1" time="0.088303"/>
        <testcase name="test_password_can_be_confirmed" file="/app/tests/Feature/Http/Controllers/PasswordConfirmationRouteTest.php" line="27" class="Tests\Feature\Playground\Login\Blade\Http\Controllers\PasswordConfirmationRouteTest" classname="Tests.Feature.Playground.Login.Blade.Http.Controllers.PasswordConfirmationRouteTest" assertions="2" time="0.070777"/>
        <testcase name="test_password_is_not_confirmed_with_invalid_password" file="/app/tests/Feature/Http/Controllers/PasswordConfirmationRouteTest.php" line="42" class="Tests\Feature\Playground\Login\Blade\Http\Controllers\PasswordConfirmationRouteTest" classname="Tests.Feature.Playground.Login.Blade.Http.Controllers.PasswordConfirmationRouteTest" assertions="1" time="0.271064"/>
      </testsuite>
      <testsuite name="Tests\Feature\Playground\Login\Blade\Http\Controllers\PasswordResetRouteTest" file="/app/tests/Feature/Http/Controllers/PasswordResetRouteTest.php" tests="6" assertions="11" errors="0" failures="0" skipped="0" time="0.505678">
        <testcase name="test_reset_password_link_screen_can_be_rendered" file="/app/tests/Feature/Http/Controllers/PasswordResetRouteTest.php" line="17" class="Tests\Feature\Playground\Login\Blade\Http\Controllers\PasswordResetRouteTest" classname="Tests.Feature.Playground.Login.Blade.Http.Controllers.PasswordResetRouteTest" assertions="1" time="0.082967"/>
        <testcase name="test_reset_password_link_can_be_requested" file="/app/tests/Feature/Http/Controllers/PasswordResetRouteTest.php" line="24" class="Tests\Feature\Playground\Login\Blade\Http\Controllers\PasswordResetRouteTest" classname="Tests.Feature.Playground.Login.Blade.Http.Controllers.PasswordResetRouteTest" assertions="1" time="0.078127"/>
        <testcase name="test_reset_password_screen_can_be_rendered" file="/app/tests/Feature/Http/Controllers/PasswordResetRouteTest.php" line="35" class="Tests\Feature\Playground\Login\Blade\Http\Controllers\PasswordResetRouteTest" classname="Tests.Feature.Playground.Login.Blade.Http.Controllers.PasswordResetRouteTest" assertions="3" time="0.106349"/>
        <testcase name="test_password_can_be_reset_with_valid_token" file="/app/tests/Feature/Http/Controllers/PasswordResetRouteTest.php" line="54" class="Tests\Feature\Playground\Login\Blade\Http\Controllers\PasswordResetRouteTest" classname="Tests.Feature.Playground.Login.Blade.Http.Controllers.PasswordResetRouteTest" assertions="3" time="0.089084"/>
        <testcase name="test_password_reset_with_invalid_token" file="/app/tests/Feature/Http/Controllers/PasswordResetRouteTest.php" line="77" class="Tests\Feature\Playground\Login\Blade\Http\Controllers\PasswordResetRouteTest" classname="Tests.Feature.Playground.Login.Blade.Http.Controllers.PasswordResetRouteTest" assertions="2" time="0.080084"/>
        <testcase name="test_password_reset_with_invalid_user" file="/app/tests/Feature/Http/Controllers/PasswordResetRouteTest.php" line="99" class="Tests\Feature\Playground\Login\Blade\Http\Controllers\PasswordResetRouteTest" classname="Tests.Feature.Playground.Login.Blade.Http.Controllers.PasswordResetRouteTest" assertions="1" time="0.069067"/>
      </testsuite>
      <testsuite name="Tests\Feature\Playground\Login\Blade\Http\Controllers\RegistrationRouteTest" file="/app/tests/Feature/Http/Controllers/RegistrationRouteTest.php" tests="2" assertions="4" errors="0" failures="0" skipped="0" time="0.159599">
        <testcase name="test_registration_screen_can_be_rendered" file="/app/tests/Feature/Http/Controllers/RegistrationRouteTest.php" line="14" class="Tests\Feature\Playground\Login\Blade\Http\Controllers\RegistrationRouteTest" classname="Tests.Feature.Playground.Login.Blade.Http.Controllers.RegistrationRouteTest" assertions="1" time="0.081950"/>
        <testcase name="test_new_users_can_register" file="/app/tests/Feature/Http/Controllers/RegistrationRouteTest.php" line="21" class="Tests\Feature\Playground\Login\Blade\Http\Controllers\RegistrationRouteTest" classname="Tests.Feature.Playground.Login.Blade.Http.Controllers.RegistrationRouteTest" assertions="3" time="0.077649"/>
      </testsuite>
      <testsuite name="Tests\Feature\Playground\Login\Blade\Http\Controllers\SanctumRouteTest" file="/app/tests/Feature/Http/Controllers/SanctumRouteTest.php" tests="4" assertions="15" errors="0" failures="0" skipped="0" time="0.314540">
        <testcase name="test_sanctum_users_can_authenticate_and_logout_and_delete_token" file="/app/tests/Feature/Http/Controllers/SanctumRouteTest.php" line="30" class="Tests\Feature\Playground\Login\Blade\Http\Controllers\SanctumRouteTest" classname="Tests.Feature.Playground.Login.Blade.Http.Controllers.SanctumRouteTest" assertions="5" time="0.094163"/>
        <testcase name="test_sanctum_users_can_logout_without_token_using_json" file="/app/tests/Feature/Http/Controllers/SanctumRouteTest.php" line="57" class="Tests\Feature\Playground\Login\Blade\Http\Controllers\SanctumRouteTest" classname="Tests.Feature.Playground.Login.Blade.Http.Controllers.SanctumRouteTest" assertions="4" time="0.075898"/>
        <testcase name="test_sanctum_users_can_logout_all_tokens_without_token_using_json" file="/app/tests/Feature/Http/Controllers/SanctumRouteTest.php" line="80" class="Tests\Feature\Playground\Login\Blade\Http\Controllers\SanctumRouteTest" classname="Tests.Feature.Playground.Login.Blade.Http.Controllers.SanctumRouteTest" assertions="4" time="0.072591"/>
        <testcase name="test_sanctum_users_can_logout_everywhere_tokens_without_token" file="/app/tests/Feature/Http/Controllers/SanctumRouteTest.php" line="103" class="Tests\Feature\Playground\Login\Blade\Http\Controllers\SanctumRouteTest" classname="Tests.Feature.Playground.Login.Blade.Http.Controllers.SanctumRouteTest" assertions="2" time="0.071888"/>
      </testsuite>
    </testsuite>
  </testsuite>
</testsuites>
