<?xml version="1.0" encoding="UTF-8"?>
<testsuites>
  <testsuite name="" tests="31" assertions="76" errors="0" failures="0" skipped="0" time="3.206791">
    <testsuite name="Feature" tests="31" assertions="76" errors="0" failures="0" skipped="0" time="3.206791">
      <testsuite name="Tests\Feature\Playground\Login\Blade\Console\Commands\About\CommandTest" file="/app/tests/Feature/Console/Commands/About/CommandTest.php" tests="1" assertions="2" errors="0" failures="0" skipped="0" time="0.274296">
        <testcase name="test_command_about_displays_package_information_and_succeed_with_code_0" file="/app/tests/Feature/Console/Commands/About/CommandTest.php" line="19" class="Tests\Feature\Playground\Login\Blade\Console\Commands\About\CommandTest" classname="Tests.Feature.Playground.Login.Blade.Console.Commands.About.CommandTest" assertions="2" time="0.274296"/>
      </testsuite>
      <testsuite name="Tests\Feature\Playground\Login\Blade\Http\Controllers\AuthenticationRouteTest" file="/app/tests/Feature/Http/Controllers/AuthenticationRouteTest.php" tests="9" assertions="30" errors="0" failures="0" skipped="0" time="2.018413">
        <testcase name="test_login_screen_can_be_rendered" file="/app/tests/Feature/Http/Controllers/AuthenticationRouteTest.php" line="15" class="Tests\Feature\Playground\Login\Blade\Http\Controllers\AuthenticationRouteTest" classname="Tests.Feature.Playground.Login.Blade.Http.Controllers.AuthenticationRouteTest" assertions="1" time="0.119745"/>
        <testcase name="test_users_can_authenticate_using_the_login_screen" file="/app/tests/Feature/Http/Controllers/AuthenticationRouteTest.php" line="22" class="Tests\Feature\Playground\Login\Blade\Http\Controllers\AuthenticationRouteTest" classname="Tests.Feature.Playground.Login.Blade.Http.Controllers.AuthenticationRouteTest" assertions="4" time="0.060960"/>
        <testcase name="test_users_cannot_authenticate_with_invalid_password" file="/app/tests/Feature/Http/Controllers/AuthenticationRouteTest.php" line="36" class="Tests\Feature\Playground\Login\Blade\Http\Controllers\AuthenticationRouteTest" classname="Tests.Feature.Playground.Login.Blade.Http.Controllers.AuthenticationRouteTest" assertions="2" time="0.233234"/>
        <testcase name="test_users_can_logout_on_get_request" file="/app/tests/Feature/Http/Controllers/AuthenticationRouteTest.php" line="50" class="Tests\Feature\Playground\Login\Blade\Http\Controllers\AuthenticationRouteTest" classname="Tests.Feature.Playground.Login.Blade.Http.Controllers.AuthenticationRouteTest" assertions="2" time="0.026731"/>
        <testcase name="test_users_can_logout_on_post_request" file="/app/tests/Feature/Http/Controllers/AuthenticationRouteTest.php" line="67" class="Tests\Feature\Playground\Login\Blade\Http\Controllers\AuthenticationRouteTest" classname="Tests.Feature.Playground.Login.Blade.Http.Controllers.AuthenticationRouteTest" assertions="2" time="0.026466"/>
        <testcase name="test_guests_can_logout_on_get_request" file="/app/tests/Feature/Http/Controllers/AuthenticationRouteTest.php" line="81" class="Tests\Feature\Playground\Login\Blade\Http\Controllers\AuthenticationRouteTest" classname="Tests.Feature.Playground.Login.Blade.Http.Controllers.AuthenticationRouteTest" assertions="2" time="0.021631"/>
        <testcase name="test_csfr_token_request" file="/app/tests/Feature/Http/Controllers/AuthenticationRouteTest.php" line="99" class="Tests\Feature\Playground\Login\Blade\Http\Controllers\AuthenticationRouteTest" classname="Tests.Feature.Playground.Login.Blade.Http.Controllers.AuthenticationRouteTest" assertions="3" time="0.022537"/>
        <testcase name="test_login_repeat_under_rate_limit_and_clear" file="/app/tests/Feature/Http/Controllers/AuthenticationRouteTest.php" line="112" class="Tests\Feature\Playground\Login\Blade\Http\Controllers\AuthenticationRouteTest" classname="Tests.Feature.Playground.Login.Blade.Http.Controllers.AuthenticationRouteTest" assertions="6" time="0.443887"/>
        <testcase name="test_login_repeat_and_hit_rate_limit" file="/app/tests/Feature/Http/Controllers/AuthenticationRouteTest.php" line="137" class="Tests\Feature\Playground\Login\Blade\Http\Controllers\AuthenticationRouteTest" classname="Tests.Feature.Playground.Login.Blade.Http.Controllers.AuthenticationRouteTest" assertions="8" time="1.063221"/>
      </testsuite>
      <testsuite name="Tests\Feature\Playground\Login\Blade\Http\Controllers\EmailVerificationRouteTest" file="/app/tests/Feature/Http/Controllers/EmailVerificationRouteTest.php" tests="10" assertions="25" errors="0" failures="0" skipped="0" time="0.299872">
        <testcase name="test_email_verification_screen_can_be_rendered" file="/app/tests/Feature/Http/Controllers/EmailVerificationRouteTest.php" line="21" class="Tests\Feature\Playground\Login\Blade\Http\Controllers\EmailVerificationRouteTest" classname="Tests.Feature.Playground.Login.Blade.Http.Controllers.EmailVerificationRouteTest" assertions="1" time="0.043834"/>
        <testcase name="test_email_verification_screen_is_not_rendered_if_already_verified" file="/app/tests/Feature/Http/Controllers/EmailVerificationRouteTest.php" line="35" class="Tests\Feature\Playground\Login\Blade\Http\Controllers\EmailVerificationRouteTest" classname="Tests.Feature.Playground.Login.Blade.Http.Controllers.EmailVerificationRouteTest" assertions="1" time="0.025519"/>
        <testcase name="test_json_send_email_verification_notification_as_guest" file="/app/tests/Feature/Http/Controllers/EmailVerificationRouteTest.php" line="49" class="Tests\Feature\Playground\Login\Blade\Http\Controllers\EmailVerificationRouteTest" classname="Tests.Feature.Playground.Login.Blade.Http.Controllers.EmailVerificationRouteTest" assertions="4" time="0.023642"/>
        <testcase name="test_send_email_verification_notification_as_guest_and_redirect" file="/app/tests/Feature/Http/Controllers/EmailVerificationRouteTest.php" line="69" class="Tests\Feature\Playground\Login\Blade\Http\Controllers\EmailVerificationRouteTest" classname="Tests.Feature.Playground.Login.Blade.Http.Controllers.EmailVerificationRouteTest" assertions="4" time="0.021753"/>
        <testcase name="test_send_email_verification_notification_as_user" file="/app/tests/Feature/Http/Controllers/EmailVerificationRouteTest.php" line="82" class="Tests\Feature\Playground\Login\Blade\Http\Controllers\EmailVerificationRouteTest" classname="Tests.Feature.Playground.Login.Blade.Http.Controllers.EmailVerificationRouteTest" assertions="3" time="0.032785"/>
        <testcase name="test_send_email_verification_notification_when_already_verified" file="/app/tests/Feature/Http/Controllers/EmailVerificationRouteTest.php" line="111" class="Tests\Feature\Playground\Login\Blade\Http\Controllers\EmailVerificationRouteTest" classname="Tests.Feature.Playground.Login.Blade.Http.Controllers.EmailVerificationRouteTest" assertions="2" time="0.026292"/>
        <testcase name="test_email_can_be_verified" file="/app/tests/Feature/Http/Controllers/EmailVerificationRouteTest.php" line="131" class="Tests\Feature\Playground\Login\Blade\Http\Controllers\EmailVerificationRouteTest" classname="Tests.Feature.Playground.Login.Blade.Http.Controllers.EmailVerificationRouteTest" assertions="4" time="0.037447"/>
        <testcase name="test_email_is_not_verified_with_invalid_hash" file="/app/tests/Feature/Http/Controllers/EmailVerificationRouteTest.php" line="169" class="Tests\Feature\Playground\Login\Blade\Http\Controllers\EmailVerificationRouteTest" classname="Tests.Feature.Playground.Login.Blade.Http.Controllers.EmailVerificationRouteTest" assertions="1" time="0.030593"/>
        <testcase name="test_email_is_not_verified_with_invalid_user_id" file="/app/tests/Feature/Http/Controllers/EmailVerificationRouteTest.php" line="202" class="Tests\Feature\Playground\Login\Blade\Http\Controllers\EmailVerificationRouteTest" classname="Tests.Feature.Playground.Login.Blade.Http.Controllers.EmailVerificationRouteTest" assertions="1" time="0.028699"/>
        <testcase name="test_email_verified_with_already_verified" file="/app/tests/Feature/Http/Controllers/EmailVerificationRouteTest.php" line="235" class="Tests\Feature\Playground\Login\Blade\Http\Controllers\EmailVerificationRouteTest" classname="Tests.Feature.Playground.Login.Blade.Http.Controllers.EmailVerificationRouteTest" assertions="4" time="0.029307"/>
      </testsuite>
      <testsuite name="Tests\Feature\Playground\Login\Blade\Http\Controllers\PasswordConfirmationRouteTest" file="/app/tests/Feature/Http/Controllers/PasswordConfirmationRouteTest.php" tests="3" assertions="4" errors="0" failures="0" skipped="0" time="0.297324">
        <testcase name="test_confirm_password_screen_can_be_rendered" file="/app/tests/Feature/Http/Controllers/PasswordConfirmationRouteTest.php" line="15" class="Tests\Feature\Playground\Login\Blade\Http\Controllers\PasswordConfirmationRouteTest" classname="Tests.Feature.Playground.Login.Blade.Http.Controllers.PasswordConfirmationRouteTest" assertions="1" time="0.042488"/>
        <testcase name="test_password_can_be_confirmed" file="/app/tests/Feature/Http/Controllers/PasswordConfirmationRouteTest.php" line="27" class="Tests\Feature\Playground\Login\Blade\Http\Controllers\PasswordConfirmationRouteTest" classname="Tests.Feature.Playground.Login.Blade.Http.Controllers.PasswordConfirmationRouteTest" assertions="2" time="0.026808"/>
        <testcase name="test_password_is_not_confirmed_with_invalid_password" file="/app/tests/Feature/Http/Controllers/PasswordConfirmationRouteTest.php" line="42" class="Tests\Feature\Playground\Login\Blade\Http\Controllers\PasswordConfirmationRouteTest" classname="Tests.Feature.Playground.Login.Blade.Http.Controllers.PasswordConfirmationRouteTest" assertions="1" time="0.228028"/>
      </testsuite>
      <testsuite name="Tests\Feature\Playground\Login\Blade\Http\Controllers\PasswordResetRouteTest" file="/app/tests/Feature/Http/Controllers/PasswordResetRouteTest.php" tests="6" assertions="11" errors="0" failures="0" skipped="0" time="0.241106">
        <testcase name="test_reset_password_link_screen_can_be_rendered" file="/app/tests/Feature/Http/Controllers/PasswordResetRouteTest.php" line="17" class="Tests\Feature\Playground\Login\Blade\Http\Controllers\PasswordResetRouteTest" classname="Tests.Feature.Playground.Login.Blade.Http.Controllers.PasswordResetRouteTest" assertions="1" time="0.038823"/>
        <testcase name="test_reset_password_link_can_be_requested" file="/app/tests/Feature/Http/Controllers/PasswordResetRouteTest.php" line="24" class="Tests\Feature\Playground\Login\Blade\Http\Controllers\PasswordResetRouteTest" classname="Tests.Feature.Playground.Login.Blade.Http.Controllers.PasswordResetRouteTest" assertions="1" time="0.033476"/>
        <testcase name="test_reset_password_screen_can_be_rendered" file="/app/tests/Feature/Http/Controllers/PasswordResetRouteTest.php" line="35" class="Tests\Feature\Playground\Login\Blade\Http\Controllers\PasswordResetRouteTest" classname="Tests.Feature.Playground.Login.Blade.Http.Controllers.PasswordResetRouteTest" assertions="3" time="0.057889"/>
        <testcase name="test_password_can_be_reset_with_valid_token" file="/app/tests/Feature/Http/Controllers/PasswordResetRouteTest.php" line="54" class="Tests\Feature\Playground\Login\Blade\Http\Controllers\PasswordResetRouteTest" classname="Tests.Feature.Playground.Login.Blade.Http.Controllers.PasswordResetRouteTest" assertions="3" time="0.045655"/>
        <testcase name="test_password_reset_with_invalid_token" file="/app/tests/Feature/Http/Controllers/PasswordResetRouteTest.php" line="77" class="Tests\Feature\Playground\Login\Blade\Http\Controllers\PasswordResetRouteTest" classname="Tests.Feature.Playground.Login.Blade.Http.Controllers.PasswordResetRouteTest" assertions="2" time="0.037935"/>
        <testcase name="test_password_reset_with_invalid_user" file="/app/tests/Feature/Http/Controllers/PasswordResetRouteTest.php" line="99" class="Tests\Feature\Playground\Login\Blade\Http\Controllers\PasswordResetRouteTest" classname="Tests.Feature.Playground.Login.Blade.Http.Controllers.PasswordResetRouteTest" assertions="1" time="0.027327"/>
      </testsuite>
      <testsuite name="Tests\Feature\Playground\Login\Blade\Http\Controllers\RegistrationRouteTest" file="/app/tests/Feature/Http/Controllers/RegistrationRouteTest.php" tests="2" assertions="4" errors="0" failures="0" skipped="0" time="0.075781">
        <testcase name="test_registration_screen_can_be_rendered" file="/app/tests/Feature/Http/Controllers/RegistrationRouteTest.php" line="14" class="Tests\Feature\Playground\Login\Blade\Http\Controllers\RegistrationRouteTest" classname="Tests.Feature.Playground.Login.Blade.Http.Controllers.RegistrationRouteTest" assertions="1" time="0.040224"/>
        <testcase name="test_new_users_can_register" file="/app/tests/Feature/Http/Controllers/RegistrationRouteTest.php" line="21" class="Tests\Feature\Playground\Login\Blade\Http\Controllers\RegistrationRouteTest" classname="Tests.Feature.Playground.Login.Blade.Http.Controllers.RegistrationRouteTest" assertions="3" time="0.035557"/>
      </testsuite>
    </testsuite>
  </testsuite>
</testsuites>
